//----2018/06/22 07:57:13-------------------------------------------------------
Update Server:http://www.sabrebiometrics.com/files/update-server/
C:\ProgramData\Sabre\Bin\update.URS        Updated Successfully
C:\ProgramData\Sabre\Firebird\rename.bat        Updated Successfully
C:\ProgramData\Sabre\Bin\payroll.exe        Updated Successfully
C:\ProgramData\Sabre\Bin\views\attlog_device.~html        Updated Successfully
C:\ProgramData\Sabre\\data\scripts\public holiday.sql        Updated Successfully
C:\ProgramData\Sabre\Bin\visitors.exe        Updated Successfully
C:\ProgramData\Sabre\Bin\sabretaskread.exe        Updated Successfully
C:\ProgramData\Sabre\Bin\servicemanager.exe        Updated Successfully
C:\ProgramData\Sabre\Bin\sabretaskexpiry.exe        Updated Successfully
C:\ProgramData\Sabre\Bin\sabretaskupload.exe        Updated Successfully
C:\ProgramData\Sabre\\data\scripts\dbactions645.sql        Updated Successfully
C:\ProgramData\Sabre\\data\scripts\dbactions646.sql        Updated Successfully
C:\ProgramData\Sabre\\data\scripts\dbactions646_1.sql        Updated Successfully
C:\ProgramData\Sabre\\data\scripts\dbactions647.sql        Updated Successfully
C:\ProgramData\Sabre\\data\scripts\dbactions648.sql        Updated Successfully
C:\ProgramData\Sabre\\data\scripts\dbactions648_1.sql        Updated Successfully
C:\ProgramData\Sabre\\data\scripts\dbactions649.sql        Updated Successfully
C:\ProgramData\Sabre\\data\scripts\dbactions650.sql        Updated Successfully
C:\ProgramData\Sabre\\data\scripts\dbactions651.sql        Updated Successfully
C:\ProgramData\Sabre\\data\scripts\dbactions652.sql        Updated Successfully
C:\ProgramData\Sabre\\data\scripts\dbactions653.sql        Updated Successfully
C:\ProgramData\Sabre\\data\scripts\dbactions654.sql        Updated Successfully
C:\ProgramData\Sabre\\data\scripts\dbactions655.sql        Updated Successfully
C:\ProgramData\Sabre\\data\scripts\dbactions656.sql        Updated Successfully
C:\ProgramData\Sabre\\data\scripts\dbactions657.sql        Updated Successfully
C:\ProgramData\Sabre\\data\scripts\dbactions658.sql        Updated Successfully
C:\ProgramData\Sabre\\data\scripts\dbactions660.sql        Updated Successfully
C:\ProgramData\Sabre\\data\scripts\dbactions661.sql        Updated Successfully
C:\ProgramData\Sabre\\data\scripts\dbactions662.sql        Updated Successfully
C:\ProgramData\Sabre\\data\scripts\dbactions663.sql        Updated Successfully
C:\ProgramData\Sabre\\data\scripts\dbactions664.sql        Updated Successfully
C:\ProgramData\Sabre\\data\scripts\dbactions665.sql        Updated Successfully
C:\ProgramData\Sabre\\data\scripts\dbactions666.sql        Updated Successfully
C:\ProgramData\Sabre\\data\scripts\dbactions666_1.sql        Updated Successfully
C:\ProgramData\Sabre\\data\scripts\dbactions667.sql        Updated Successfully
C:\ProgramData\Sabre\\data\scripts\dbactions668.sql        Updated Successfully
C:\ProgramData\Sabre\\data\scripts\dbactions669.sql        Updated Successfully
C:\ProgramData\Sabre\\data\scripts\dbactions670.sql        Updated Successfully
C:\ProgramData\Sabre\\data\scripts\dbactions671.sql        Updated Successfully
C:\ProgramData\Sabre\\data\scripts\dbactions672.sql        Updated Successfully
C:\ProgramData\Sabre\\data\scripts\dbactions673.sql        Updated Successfully
C:\ProgramData\Sabre\\data\scripts\dbactions674.sql        Updated Successfully
C:\ProgramData\Sabre\\data\scripts\dbactions675.sql        Updated Successfully
C:\ProgramData\Sabre\\data\scripts\dbactions676.sql        Updated Successfully
C:\ProgramData\Sabre\\data\scripts\dbactions677.sql        Updated Successfully
C:\ProgramData\Sabre\\data\scripts\dbactions678.sql        Updated Successfully
C:\ProgramData\Sabre\\data\scripts\dbactions679.sql        Updated Successfully
//------------------------------------------------------------------------------

//----2018/08/06 16:26:31-------------------------------------------------------
Update Server:http://www.sabrebiometrics.com/files/update-server/
C:\ProgramData\Sabre\Bin\update.URS        Updated Successfully
C:\ProgramData\Sabre\Bin\update.urs        Updated Successfully
//------------------------------------------------------------------------------

//----2019/03/29 13:44:06-------------------------------------------------------
Update Server:http://www.sabrebiometrics.com/files/update-server/
C:\ProgramData\Sabre\Bin\update.URS        Updated Successfully
C:\ProgramData\Sabre\\data\scripts\dbactions688.sql        Updated Successfully
C:\ProgramData\Sabre\\data\scripts\dbactions689.sql        Updated Successfully
C:\ProgramData\Sabre\\data\scripts\dbactions690.sql        Updated Successfully
C:\ProgramData\Sabre\\data\scripts\dbactions691.sql        Updated Successfully
C:\ProgramData\Sabre\\data\scripts\dbactions692.sql        Updated Successfully
C:\ProgramData\Sabre\\data\scripts\dbactions693.sql        Updated Successfully
C:\ProgramData\Sabre\\data\scripts\dbactions694.sql        Updated Successfully
C:\ProgramData\Sabre\\data\scripts\dbactions695.sql        Updated Successfully
C:\ProgramData\Sabre\\data\scripts\dbactions696.sql        Updated Successfully
C:\ProgramData\Sabre\\data\scripts\dbactions697.sql        Updated Successfully
C:\ProgramData\Sabre\\data\scripts\payrolls script for simplepay-quickbooks -drsmash.sql        Updated Successfully
C:\ProgramData\Sabre\\data\scripts\public holiday.sql        Updated Successfully
C:\ProgramData\Sabre\\data\scripts\uploadhandled (1).slq        Updated Successfully
C:\ProgramData\Sabre\Bin\globaldate.ini        Updated Successfully
C:\ProgramData\Sabre\Bin\payroll.exe        Updated Successfully
C:\ProgramData\Sabre\Bin\retailemail.exe        Updated Successfully
C:\ProgramData\Sabre\Bin\sabre registration.docx        Updated Successfully
C:\ProgramData\Sabre\Bin\sabre registration.pdf        Updated Successfully
C:\ProgramData\Sabre\Bin\sabre.chm        Updated Successfully
C:\ProgramData\Sabre\Bin\sabre.xtl        Updated Successfully
C:\ProgramData\Sabre\Bin\sabre.xtl.tmp        Updated Successfully
C:\ProgramData\Sabre\Bin\sabretaskexpiry.exe        Reboot required
C:\ProgramData\Sabre\Bin\sabretaskupload.exe        Updated Successfully
C:\ProgramData\Sabre\Bin\service document sabre.docx        Updated Successfully
C:\ProgramData\Sabre\Bin\service document sabre.pdf        Updated Successfully
C:\ProgramData\Sabre\Bin\theme1.bmp        Updated Successfully
C:\ProgramData\Sabre\Bin\tracker.ini        Updated Successfully
C:\ProgramData\Sabre\Bin\update.urs        Updated Successfully
C:\ProgramData\Sabre\Bin\visitors.exe        Updated Successfully
C:\ProgramData\Sabre\Bin\zip.cmd        Updated Successfully
C:\ProgramData\Sabre\Data\Scripts\Tools\sample scripts.txt        Updated Successfully
C:\ProgramData\Sabre\Data\Scripts\Tools\update.duty.schedule.proc.sql        Updated Successfully
C:\ProgramData\Sabre\Firebird\Demo\test.mdb        Updated Successfully
C:\ProgramData\Sabre\\data\scripts\dbactions698.sql        Updated Successfully
C:\ProgramData\Sabre\\data\scripts\dbactions699.sql        Updated Successfully
C:\ProgramData\Sabre\\data\scripts\dbactions700.sql        Updated Successfully
C:\ProgramData\Sabre\\data\scripts\dbactions701.sql        Updated Successfully
C:\ProgramData\Sabre\\data\scripts\dbactions702.sql        Updated Successfully
C:\ProgramData\Sabre\\data\scripts\dbactions703.sql        Updated Successfully
C:\ProgramData\Sabre\\data\scripts\dbactions704.sql        Updated Successfully
C:\ProgramData\Sabre\\data\scripts\dbactions705.sql        Updated Successfully
C:\ProgramData\Sabre\\data\scripts\dbactions706.sql        Updated Successfully
C:\ProgramData\Sabre\\data\scripts\dbactions707.sql        Updated Successfully
C:\ProgramData\Sabre\\data\scripts\dbactions708.sql        Updated Successfully
C:\ProgramData\Sabre\\data\scripts\dbactions709.sql        Updated Successfully
C:\ProgramData\Sabre\\data\scripts\dbactions710.sql        Updated Successfully
C:\ProgramData\Sabre\\data\scripts\dbactions711.sql        Updated Successfully
C:\ProgramData\Sabre\\data\scripts\dbactions712.sql        Updated Successfully
C:\ProgramData\Sabre\\data\scripts\dbactions713.sql        Updated Successfully
C:\ProgramData\Sabre\\data\scripts\dbactions714.sql        Updated Successfully
C:\ProgramData\Sabre\\data\scripts\dbactions715.sql        Updated Successfully
//------------------------------------------------------------------------------
