2019/05/05 12:06:26 AM - Inserted clocking record no: 326132 :  OUT : 2018/07/21 : 6:28:00 PM
2019/05/05 12:06:29 AM - Inserted clocking record no: 326133 :  OUT : 2018/07/21 : 6:20:00 PM
2019/05/05 12:25:15 AM - Inserted clocking record no: 326213 :  OUT : 2018/07/21 : 6:11:00 PM
2019/05/05 12:44:03 AM - Inserted clocking record no: 326294 :  OUT : 2018/07/21 : 6:08:00 PM
2019/05/05 12:44:05 AM - Inserted clocking record no: 326295 :  OUT : 2018/07/21 : 6:06:00 PM
2019/05/05 1:03:02 AM - Inserted clocking record no: 326377 :  OUT : 2018/07/21 : 5:29:00 PM
2019/05/05 1:04:34 AM - Inserted clocking record no: 326387 :  OUT : 2018/07/21 : 3:46:00 PM
2019/05/05 1:04:35 AM - Inserted clocking record no: 326388 :  OUT : 2018/07/21 : 2:49:00 PM
2019/05/05 1:04:37 AM - Inserted clocking record no: 326389 :  OUT : 2018/07/21 : 1:18:00 PM
2019/05/05 1:04:39 AM - Inserted clocking record no: 326390 :  OUT : 2018/07/21 : 12:47:00 PM
2019/05/05 1:23:49 AM - Inserted clocking record no: 326473 :  OUT : 2018/07/21 : 8:43:00 AM
2019/05/05 1:43:16 AM - Inserted clocking record no: 326557 :  OUT : 2018/07/21 : 8:20:00 AM
2019/05/05 1:51:45 AM - Inserted clocking record no: 326598 :  OUT : 2018/07/20 : 6:03:00 PM
2019/05/05 2:03:15 AM - Inserted clocking record no: 326636 :  OUT : 2018/07/20 : 3:25:00 PM
2019/05/05 2:14:56 AM - Inserted clocking record no: 326675 :  OUT : 2018/07/20 : 2:01:00 PM
2019/05/05 2:26:53 AM - Inserted clocking record no: 326715 :  OUT : 2018/07/20 : 7:25:00 AM
2019/05/05 2:39:10 AM - Inserted clocking record no: 326756 :  OUT : 2018/07/19 : 5:08:00 PM
2019/05/05 2:47:44 AM - Inserted clocking record no: 326784 :  OUT : 2018/07/19 : 4:12:00 PM
2019/05/05 2:47:45 AM - Inserted clocking record no: 326785 :  OUT : 2018/07/19 : 2:08:00 PM
2019/05/05 2:47:46 AM - Inserted clocking record no: 326786 :  OUT : 2018/07/19 : 12:59:00 PM
2019/05/05 2:47:49 AM - Inserted clocking record no: 326787 :  OUT : 2018/07/19 : 10:15:00 AM
2019/05/05 2:56:37 AM - Inserted clocking record no: 326816 :  OUT : 2018/07/19 : 9:47:00 AM
2019/05/05 3:05:35 AM - Inserted clocking record no: 326846 :  OUT : 2018/07/19 : 7:59:00 AM
2019/05/05 3:05:37 AM - Inserted clocking record no: 326847 :  OUT : 2018/07/19 : 7:59:00 AM
2019/05/05 3:05:38 AM - Inserted clocking record no: 326848 :  OUT : 2018/07/19 : 7:57:00 AM
2019/05/05 3:05:39 AM - Inserted clocking record no: 326849 :  OUT : 2018/07/18 : 4:08:00 PM
2019/05/05 3:05:40 AM - Inserted clocking record no: 326850 :  OUT : 2018/07/18 : 4:08:00 PM
2019/05/05 3:05:42 AM - Inserted clocking record no: 326851 :  OUT : 2018/07/18 : 11:52:00 AM
2019/05/05 3:12:48 AM - Inserted clocking record no: 326871 :  OUT : 2018/07/18 : 10:42:00 AM
2019/05/05 3:12:50 AM - Inserted clocking record no: 326872 :  OUT : 2018/07/18 : 9:35:00 AM
2019/05/05 3:20:10 AM - Inserted clocking record no: 326893 :  OUT : 2018/07/18 : 8:00:00 AM
2019/05/05 3:20:11 AM - Inserted clocking record no: 326894 :  OUT : 2018/07/17 : 4:00:00 PM
2019/05/05 3:20:14 AM - Inserted clocking record no: 326895 :  OUT : 2018/07/17 : 12:38:00 PM
2019/05/05 3:26:36 AM - Inserted clocking record no: 326915 :  OUT : 2018/07/17 : 8:17:00 AM
2019/05/05 3:26:37 AM - Inserted clocking record no: 326916 :  OUT : 2018/07/17 : 7:55:00 AM
2019/05/05 3:26:38 AM - Inserted clocking record no: 326917 :  OUT : 2018/07/17 : 7:42:00 AM
2019/05/05 3:26:41 AM - Inserted clocking record no: 326918 :  OUT : 2018/07/17 : 7:25:00 AM
2019/05/05 3:33:19 AM - Inserted clocking record no: 326939 :  OUT : 2018/07/16 : 4:04:00 PM
2019/05/05 3:33:21 AM - Inserted clocking record no: 326940 :  OUT : 2018/07/16 : 3:42:00 PM
2019/05/05 3:36:59 AM - Inserted clocking record no: 326950 :  OUT : 2018/07/16 : 1:51:00 PM
2019/05/05 3:37:01 AM - Inserted clocking record no: 326951 :  OUT : 2018/07/16 : 7:55:00 AM
2019/05/05 3:37:02 AM - Inserted clocking record no: 326952 :  OUT : 2018/07/16 : 7:48:00 AM
2019/05/05 3:37:03 AM - Inserted clocking record no: 326953 :  OUT : 2018/07/15 : 6:15:00 PM
2019/05/05 3:37:05 AM - Inserted clocking record no: 326954 :  OUT : 2018/07/15 : 4:09:00 PM
2019/05/05 3:38:50 AM - Inserted clocking record no: 326964 :  OUT : 2018/07/13 : 4:12:00 PM
2019/05/05 3:38:51 AM - Inserted clocking record no: 326965 :  OUT : 2018/07/13 : 7:32:00 AM
2019/05/05 3:38:52 AM - Inserted clocking record no: 326966 :  OUT : 2018/07/12 : 4:28:00 PM
2019/05/05 3:38:54 AM - Inserted clocking record no: 326967 :  OUT : 2018/07/12 : 3:58:00 PM
2019/05/05 3:38:55 AM - Inserted clocking record no: 326968 :  OUT : 2018/07/12 : 11:53:00 AM
2019/05/05 3:38:56 AM - Inserted clocking record no: 326969 :  OUT : 2018/07/12 : 11:00:00 AM
2019/05/05 3:38:57 AM - Inserted clocking record no: 326970 :  OUT : 2018/07/12 : 10:49:00 AM
2019/05/05 3:38:58 AM - Inserted clocking record no: 326971 :  OUT : 2018/07/12 : 9:28:00 AM
2019/05/05 3:38:59 AM - Inserted clocking record no: 326972 :  OUT : 2018/07/12 : 9:04:00 AM
2019/05/05 3:39:00 AM - Inserted clocking record no: 326973 :  OUT : 2018/07/12 : 7:55:00 AM
2019/05/05 3:39:01 AM - Inserted clocking record no: 326974 :  OUT : 2018/07/12 : 7:52:00 AM
2019/05/05 3:39:03 AM - Inserted clocking record no: 326975 :  OUT : 2018/07/12 : 7:46:00 AM
2019/05/05 3:39:05 AM - Inserted clocking record no: 326976 :  OUT : 2018/07/12 : 7:39:00 AM
2019/05/05 3:43:55 AM - Inserted clocking record no: 326994 :  OUT : 2018/07/12 : 7:26:00 AM
2019/05/05 3:49:01 AM - Inserted clocking record no: 327013 :  OUT : 2018/07/11 : 8:44:00 PM
2019/05/05 3:49:03 AM - Inserted clocking record no: 327014 :  OUT : 2018/07/11 : 5:06:00 PM
2019/05/05 3:56:28 AM - Inserted clocking record no: 327024 :  OUT : 2018/07/11 : 4:08:00 PM
2019/05/05 3:56:29 AM - Inserted clocking record no: 327025 :  OUT : 2018/07/11 : 4:02:00 PM
2019/05/05 3:56:30 AM - Inserted clocking record no: 327026 :  OUT : 2018/07/11 : 3:56:00 PM
2019/05/05 3:56:31 AM - Inserted clocking record no: 327027 :  OUT : 2018/07/11 : 3:32:00 PM
2019/05/05 3:56:32 AM - Inserted clocking record no: 327028 :  OUT : 2018/07/11 : 10:02:00 AM
2019/05/05 3:56:33 AM - Inserted clocking record no: 327029 :  OUT : 2018/07/11 : 7:46:00 AM
2019/05/05 3:56:34 AM - Inserted clocking record no: 327030 :  OUT : 2018/07/11 : 7:32:00 AM
2019/05/05 3:56:35 AM - Inserted clocking record no: 327031 :  OUT : 2018/07/11 : 6:37:00 AM
2019/05/05 3:56:38 AM - Inserted clocking record no: 327032 :  OUT : 2018/07/10 : 8:17:00 PM
2019/05/05 4:11:40 AM - Inserted clocking record no: 327088 :  OUT : 2018/07/10 : 7:55:00 PM
2019/05/05 4:26:52 AM - Inserted clocking record no: 327145 :  OUT : 2018/07/10 : 7:22:00 PM
2019/05/05 4:26:53 AM - Inserted clocking record no: 327146 :  OUT : 2018/07/10 : 4:05:00 PM
2019/05/05 4:26:54 AM - Inserted clocking record no: 327147 :  OUT : 2018/07/10 : 1:52:00 PM
2019/05/05 4:26:57 AM - Inserted clocking record no: 327148 :  OUT : 2018/07/10 : 1:18:00 PM
2019/05/05 4:42:28 AM - Inserted clocking record no: 327206 :  OUT : 2018/07/10 : 11:31:00 AM
2019/05/05 4:58:11 AM - Inserted clocking record no: 327265 :  OUT : 2018/07/10 : 11:09:00 AM
2019/05/05 4:58:14 AM - Inserted clocking record no: 327266 :  OUT : 2018/07/10 : 11:04:00 AM
2019/05/05 5:14:21 AM - Inserted clocking record no: 327326 :  OUT : 2018/07/10 : 9:00:00 AM
2019/05/05 5:30:49 AM - Inserted clocking record no: 327387 :  OUT : 2018/07/10 : 7:52:00 AM
2019/05/05 5:30:50 AM - Inserted clocking record no: 327388 :  OUT : 2018/07/10 : 7:52:00 AM
2019/05/05 5:30:52 AM - Inserted clocking record no: 327389 :  OUT : 2018/07/09 : 9:09:00 PM
2019/05/05 5:41:11 AM - Inserted clocking record no: 327426 :  OUT : 2018/07/09 : 4:37:00 PM
2019/05/05 5:41:12 AM - Inserted clocking record no: 327427 :  OUT : 2018/07/09 : 4:16:00 PM
2019/05/05 5:41:13 AM - Inserted clocking record no: 327428 :  OUT : 2018/07/09 : 4:16:00 PM
2019/05/05 5:41:15 AM - Inserted clocking record no: 327429 :  OUT : 2018/07/09 : 4:05:00 PM
2019/05/05 5:41:16 AM - Inserted clocking record no: 327430 :  OUT : 2018/07/09 : 3:02:00 PM
2019/05/05 5:41:17 AM - Inserted clocking record no: 327431 :  OUT : 2018/07/09 : 2:55:00 PM
2019/05/05 5:41:18 AM - Inserted clocking record no: 327432 :  OUT : 2018/07/09 : 2:52:00 PM
2019/05/05 5:41:20 AM - Inserted clocking record no: 327433 :  OUT : 2018/07/09 : 2:48:00 PM
2019/05/05 5:51:53 AM - Inserted clocking record no: 327471 :  OUT : 2018/07/09 : 12:27:00 PM
2019/05/05 5:51:54 AM - Inserted clocking record no: 327472 :  OUT : 2018/07/09 : 11:58:00 AM
2019/05/05 5:51:56 AM - Inserted clocking record no: 327473 :  OUT : 2018/07/09 : 11:58:00 AM
2019/05/05 5:51:57 AM - Inserted clocking record no: 327474 :  OUT : 2018/07/09 : 11:43:00 AM
2019/05/05 5:51:58 AM - Inserted clocking record no: 327475 :  OUT : 2018/07/09 : 10:48:00 AM
2019/05/05 5:52:00 AM - Inserted clocking record no: 327476 :  OUT : 2018/07/09 : 10:42:00 AM
2019/05/05 6:02:48 AM - Inserted clocking record no: 327515 :  OUT : 2018/07/09 : 8:36:00 AM
2019/05/05 6:02:49 AM - Inserted clocking record no: 327516 :  OUT : 2018/07/09 : 7:41:00 AM
2019/05/05 6:02:52 AM - Inserted clocking record no: 327517 :  OUT : 2018/07/09 : 7:27:00 AM
2019/05/05 6:13:56 AM - Inserted clocking record no: 327557 :  OUT : 2018/07/07 : 6:18:00 PM
2019/05/05 6:22:31 AM - Inserted clocking record no: 327595 :  OUT : 2018/07/07 : 3:50:00 PM
2019/05/05 6:31:16 AM - Inserted clocking record no: 327634 :  OUT : 2018/07/07 : 3:09:00 PM
2019/05/05 6:31:19 AM - Inserted clocking record no: 327635 :  OUT : 2018/07/07 : 2:43:00 PM
2019/05/05 6:40:20 AM - Inserted clocking record no: 327675 :  OUT : 2018/07/07 : 2:42:00 PM
2019/05/05 6:40:21 AM - Inserted clocking record no: 327676 :  OUT : 2018/07/07 : 10:22:00 AM
2019/05/05 6:40:23 AM - Inserted clocking record no: 327677 :  OUT : 2018/07/07 : 6:57:00 AM
2019/05/05 6:40:52 AM - Inserted clocking record no: 327683 :  OUT : 2018/07/06 : 4:06:00 PM
2019/05/05 6:40:53 AM - Inserted clocking record no: 327684 :  OUT : 2018/07/06 : 2:39:00 PM
2019/05/05 6:40:55 AM - Inserted clocking record no: 327685 :  OUT : 2018/07/06 : 12:19:00 PM
2019/05/05 6:45:46 AM - Inserted clocking record no: 327710 :  OUT : 2018/07/06 : 7:41:00 AM
2019/05/05 6:45:47 AM - Inserted clocking record no: 327711 :  OUT : 2018/07/06 : 7:40:00 AM
2019/05/05 6:45:48 AM - Inserted clocking record no: 327712 :  OUT : 2018/07/05 : 5:32:00 PM
2019/05/05 6:45:49 AM - Inserted clocking record no: 327713 :  OUT : 2018/07/05 : 4:00:00 PM
2019/05/05 6:45:50 AM - Inserted clocking record no: 327714 :  OUT : 2018/07/05 : 11:19:00 AM
2019/05/05 6:45:52 AM - Inserted clocking record no: 327715 :  OUT : 2018/07/05 : 8:47:00 AM
2019/05/05 6:45:53 AM - Inserted clocking record no: 327716 :  OUT : 2018/07/05 : 8:16:00 AM
2019/05/05 6:45:54 AM - Inserted clocking record no: 327717 :  OUT : 2018/07/05 : 7:29:00 AM
2019/05/05 6:45:55 AM - Inserted clocking record no: 327718 :  OUT : 2018/07/04 : 4:03:00 PM
2019/05/05 6:45:56 AM - Inserted clocking record no: 327719 :  OUT : 2018/07/04 : 4:03:00 PM
2019/05/05 6:46:00 AM - Inserted clocking record no: 327720 :  OUT : 2018/07/04 : 2:28:00 PM
2019/05/05 6:52:58 AM - Inserted clocking record no: 327740 :  OUT : 2018/07/04 : 1:50:00 PM
2019/05/05 7:00:09 AM - Inserted clocking record no: 327761 :  OUT : 2018/07/04 : 12:17:00 PM
2019/05/05 7:00:11 AM - Inserted clocking record no: 327762 :  OUT : 2018/07/04 : 12:05:00 PM
2019/05/05 7:00:12 AM - Inserted clocking record no: 327763 :  OUT : 2018/07/04 : 12:00:00 PM
2019/05/05 7:00:13 AM - Inserted clocking record no: 327764 :  OUT : 2018/07/04 : 9:18:00 AM
2019/05/05 7:00:14 AM - Inserted clocking record no: 327765 :  OUT : 2018/07/04 : 7:37:00 AM
2019/05/05 7:00:15 AM - Inserted clocking record no: 327766 :  OUT : 2018/07/03 : 3:59:00 PM
2019/05/05 7:00:18 AM - Inserted clocking record no: 327767 :  OUT : 2018/07/03 : 2:42:00 PM
2019/05/05 7:10:31 AM - Inserted clocking record no: 327796 :  OUT : 2018/07/03 : 11:54:00 AM
2019/05/05 7:20:57 AM - Inserted clocking record no: 327826 :  OUT : 2018/07/03 : 11:25:00 AM
2019/05/05 7:20:58 AM - Inserted clocking record no: 327827 :  OUT : 2018/07/03 : 11:21:00 AM
2019/05/05 7:20:59 AM - Inserted clocking record no: 327828 :  OUT : 2018/07/03 : 11:09:00 AM
2019/05/05 7:21:01 AM - Inserted clocking record no: 327829 :  OUT : 2018/07/03 : 11:06:00 AM
2019/05/05 7:21:02 AM - Inserted clocking record no: 327830 :  OUT : 2018/07/03 : 11:00:00 AM
2019/05/05 7:21:03 AM - Inserted clocking record no: 327831 :  OUT : 2018/07/03 : 10:58:00 AM
2019/05/05 7:21:05 AM - Inserted clocking record no: 327832 :  OUT : 2018/07/03 : 8:06:00 AM
2019/05/05 7:31:50 AM - Inserted clocking record no: 327863 :  OUT : 2018/07/03 : 8:00:00 AM
2019/05/05 7:31:51 AM - Inserted clocking record no: 327864 :  OUT : 2018/07/03 : 7:04:00 AM
2019/05/05 7:31:53 AM - Inserted clocking record no: 327865 :  OUT : 2018/07/03 : 7:04:00 AM
2019/05/05 7:31:54 AM - Inserted clocking record no: 327866 :  OUT : 2018/07/02 : 4:07:00 PM
2019/05/05 7:31:55 AM - Inserted clocking record no: 327867 :  OUT : 2018/07/02 : 4:07:00 PM
2019/05/05 7:31:56 AM - Inserted clocking record no: 327868 :  OUT : 2018/07/02 : 2:29:00 PM
2019/05/05 7:31:59 AM - Inserted clocking record no: 327869 :  OUT : 2018/07/02 : 1:46:00 PM
2019/05/05 7:40:21 AM - Inserted clocking record no: 327897 :  OUT : 2018/07/02 : 8:04:00 AM
2019/05/05 7:41:24 AM - Inserted clocking record no: 327909 :  OUT : 2018/07/02 : 7:31:00 AM
2019/05/05 7:41:25 AM - Inserted clocking record no: 327910 :  OUT : 2018/07/02 : 7:31:00 AM
2019/05/05 7:41:27 AM - Inserted clocking record no: 327911 :  OUT : 2018/07/02 : 7:19:00 AM
2019/05/05 7:50:18 AM - Inserted clocking record no: 327941 :  OUT : 2018/07/01 : 4:02:00 PM
2019/05/05 7:50:19 AM - Inserted clocking record no: 327942 :  OUT : 2018/06/30 : 8:26:00 PM
2019/05/05 7:50:21 AM - Inserted clocking record no: 327943 :  OUT : 2018/06/30 : 7:10:00 PM
2019/05/05 7:50:22 AM - Inserted clocking record no: 327944 :  OUT : 2018/06/30 : 5:04:00 PM
2019/05/05 7:50:24 AM - Inserted clocking record no: 327945 :  OUT : 2018/06/30 : 10:59:00 AM
2019/05/05 7:50:25 AM - Inserted clocking record no: 327946 :  OUT : 2018/06/30 : 8:51:00 AM
2019/05/05 7:50:27 AM - Inserted clocking record no: 327947 :  OUT : 2018/06/30 : 8:36:00 AM
2019/05/05 7:50:28 AM - Inserted clocking record no: 327948 :  OUT : 2018/06/29 : 9:08:00 PM
2019/05/05 7:50:29 AM - Inserted clocking record no: 327949 :  OUT : 2018/06/29 : 4:27:00 PM
2019/05/05 7:50:30 AM - Inserted clocking record no: 327950 :  OUT : 2018/06/29 : 3:00:00 PM
2019/05/05 7:50:31 AM - Inserted clocking record no: 327951 :  OUT : 2018/06/29 : 7:38:00 AM
2019/05/05 7:50:33 AM - Inserted clocking record no: 327952 :  OUT : 2018/06/28 : 8:18:00 PM
2019/05/05 7:50:34 AM - Inserted clocking record no: 327953 :  OUT : 2018/06/28 : 5:06:00 PM
2019/05/05 7:50:36 AM - Inserted clocking record no: 327954 :  OUT : 2018/06/28 : 4:01:00 PM
2019/05/05 7:52:25 AM - Inserted clocking record no: 327964 :  OUT : 2018/06/28 : 12:02:00 PM
2019/05/05 7:52:27 AM - Inserted clocking record no: 327965 :  OUT : 2018/06/28 : 9:49:00 AM
2019/05/05 7:52:28 AM - Inserted clocking record no: 327966 :  OUT : 2018/06/27 : 6:32:00 PM
2019/05/05 7:52:29 AM - Inserted clocking record no: 327967 :  OUT : 2018/06/27 : 1:02:00 PM
2019/05/05 7:52:30 AM - Inserted clocking record no: 327968 :  OUT : 2018/06/27 : 10:13:00 AM
2019/05/05 7:52:31 AM - Inserted clocking record no: 327969 :  OUT : 2018/06/27 : 7:40:00 AM
2019/05/05 7:52:32 AM - Inserted clocking record no: 327970 :  OUT : 2018/06/26 : 4:02:00 PM
2019/05/05 7:52:35 AM - Inserted clocking record no: 327971 :  OUT : 2018/06/26 : 11:10:00 AM
2019/05/05 7:58:04 AM - Inserted clocking record no: 327991 :  OUT : 2018/06/26 : 8:06:00 AM
2019/05/05 8:03:45 AM - Inserted clocking record no: 328012 :  OUT : 2018/06/26 : 7:55:00 AM
2019/05/05 8:03:46 AM - Inserted clocking record no: 328013 :  OUT : 2018/06/26 : 7:37:00 AM
2019/05/05 8:03:48 AM - Inserted clocking record no: 328014 :  OUT : 2018/06/25 : 4:01:00 PM
2019/05/05 8:03:49 AM - Inserted clocking record no: 328015 :  OUT : 2018/06/25 : 11:54:00 AM
2019/05/05 8:03:51 AM - Inserted clocking record no: 328016 :  OUT : 2018/06/25 : 9:20:00 AM
2019/05/05 8:08:14 AM - Inserted clocking record no: 328027 :  OUT : 2018/06/25 : 7:34:00 AM
2019/05/05 8:08:15 AM - Inserted clocking record no: 328028 :  OUT : 2018/06/24 : 7:19:00 PM
2019/05/05 8:08:17 AM - Inserted clocking record no: 328029 :  OUT : 2018/06/24 : 7:15:00 PM
2019/05/05 8:08:18 AM - Inserted clocking record no: 328030 :  OUT : 2018/06/24 : 6:09:00 PM
2019/05/05 8:08:19 AM - Inserted clocking record no: 328031 :  OUT : 2018/06/24 : 1:49:00 PM
2019/05/05 8:08:20 AM - Inserted clocking record no: 328032 :  OUT : 2018/06/24 : 8:59:00 AM
2019/05/05 8:08:23 AM - Inserted clocking record no: 328033 :  OUT : 2018/06/24 : 7:08:00 AM
2019/05/05 8:12:59 AM - Inserted clocking record no: 328044 :  OUT : 2018/06/23 : 6:24:00 PM
2019/05/05 8:13:00 AM - Inserted clocking record no: 328045 :  OUT : 2018/06/23 : 4:33:00 PM
2019/05/05 8:13:03 AM - Inserted clocking record no: 328046 :  OUT : 2018/06/23 : 4:25:00 PM
2019/05/05 8:20:56 AM - Inserted clocking record no: 328065 :  OUT : 2018/06/23 : 3:53:00 PM
2019/05/05 8:29:00 AM - Inserted clocking record no: 328085 :  OUT : 2018/06/23 : 8:37:00 AM
2019/05/05 8:29:01 AM - Inserted clocking record no: 328086 :  OUT : 2018/06/22 : 8:34:00 PM
2019/05/05 8:29:03 AM - Inserted clocking record no: 328087 :  OUT : 2018/06/22 : 5:27:00 PM
2019/05/05 8:41:43 AM - Inserted clocking record no: 328133 :  OUT : 2018/06/22 : 3:58:00 PM
2019/05/05 8:41:44 AM - Inserted clocking record no: 328134 :  OUT : 2018/06/22 : 3:58:00 PM
2019/05/05 8:41:46 AM - Inserted clocking record no: 328135 :  OUT : 2018/06/22 : 2:09:00 PM
2019/05/05 8:54:41 AM - Inserted clocking record no: 328182 :  OUT : 2018/06/22 : 12:37:00 PM
2019/05/05 9:07:54 AM - Inserted clocking record no: 328230 :  OUT : 2018/06/22 : 12:13:00 PM
2019/05/05 9:21:18 AM - Inserted clocking record no: 328279 :  OUT : 2018/06/22 : 9:02:00 AM
2019/05/05 9:21:19 AM - Inserted clocking record no: 328280 :  OUT : 2018/06/22 : 7:36:00 AM
2019/05/05 9:21:20 AM - Inserted clocking record no: 328281 :  OUT : 2018/06/22 : 7:30:00 AM
2019/05/05 9:21:22 AM - Inserted clocking record no: 328282 :  OUT : 2018/06/22 : 7:30:00 AM
2019/05/05 9:21:24 AM - Inserted clocking record no: 328283 :  OUT : 2018/06/22 : 7:11:00 AM
2019/05/05 9:35:07 AM - Inserted clocking record no: 328333 :  OUT : 2018/06/21 : 8:13:00 PM
2019/05/05 9:43:52 AM - Inserted clocking record no: 328362 :  OUT : 2018/06/21 : 4:49:00 PM
2019/05/05 9:52:47 AM - Inserted clocking record no: 328392 :  OUT : 2018/06/21 : 4:08:00 PM
2019/05/05 9:52:49 AM - Inserted clocking record no: 328393 :  OUT : 2018/06/21 : 4:08:00 PM
2019/05/05 9:52:50 AM - Inserted clocking record no: 328394 :  OUT : 2018/06/21 : 7:45:00 AM
2019/05/05 9:52:52 AM - Inserted clocking record no: 328395 :  OUT : 2018/06/21 : 6:43:00 AM
2019/05/05 10:02:06 AM - Inserted clocking record no: 328426 :  OUT : 2018/06/20 : 5:22:00 PM
2019/05/05 10:02:07 AM - Inserted clocking record no: 328427 :  OUT : 2018/06/20 : 5:14:00 PM
2019/05/05 10:02:08 AM - Inserted clocking record no: 328428 :  OUT : 2018/06/20 : 5:00:00 PM
2019/05/05 10:02:09 AM - Inserted clocking record no: 328429 :  OUT : 2018/06/20 : 4:05:00 PM
2019/05/05 10:02:12 AM - Inserted clocking record no: 328430 :  OUT : 2018/06/20 : 3:05:00 PM
2019/05/05 10:05:24 AM - Inserted clocking record no: 328440 :  OUT : 2018/06/20 : 2:49:00 PM
2019/05/05 10:05:25 AM - Inserted clocking record no: 328441 :  OUT : 2018/06/20 : 11:12:00 AM
2019/05/05 10:05:27 AM - Inserted clocking record no: 328442 :  OUT : 2018/06/20 : 7:37:00 AM
2019/05/05 10:05:28 AM - Inserted clocking record no: 328443 :  OUT : 2018/06/19 : 5:41:00 PM
2019/05/05 10:05:29 AM - Inserted clocking record no: 328444 :  OUT : 2018/06/19 : 4:03:00 PM
2019/05/05 10:05:30 AM - Inserted clocking record no: 328445 :  OUT : 2018/06/19 : 4:03:00 PM
2019/05/05 10:05:33 AM - Inserted clocking record no: 328446 :  OUT : 2018/06/19 : 3:08:00 PM
2019/05/05 10:07:24 AM - Inserted clocking record no: 328456 :  OUT : 2018/06/19 : 7:32:00 AM
2019/05/05 10:07:25 AM - Inserted clocking record no: 328457 :  OUT : 2018/06/18 : 4:01:00 PM
2019/05/05 10:07:26 AM - Inserted clocking record no: 328458 :  OUT : 2018/06/18 : 4:01:00 PM
2019/05/05 10:07:27 AM - Inserted clocking record no: 328459 :  OUT : 2018/06/18 : 10:51:00 AM
2019/05/05 10:07:28 AM - Inserted clocking record no: 328460 :  OUT : 2018/06/17 : 2:10:00 PM
2019/05/05 10:07:29 AM - Inserted clocking record no: 328461 :  OUT : 2018/06/17 : 11:18:00 AM
2019/05/05 10:07:30 AM - Inserted clocking record no: 328462 :  OUT : 2018/06/16 : 4:21:00 PM
2019/05/05 10:07:32 AM - Inserted clocking record no: 328463 :  OUT : 2018/06/16 : 12:24:00 PM
2019/05/05 10:07:34 AM - Inserted clocking record no: 328464 :  OUT : 2018/06/16 : 12:23:00 PM
2019/05/05 10:12:07 AM - Inserted clocking record no: 328483 :  OUT : 2018/06/16 : 12:22:00 PM
2019/05/05 10:16:55 AM - Inserted clocking record no: 328503 :  OUT : 2018/06/15 : 3:59:00 PM
2019/05/05 10:16:57 AM - Inserted clocking record no: 328504 :  OUT : 2018/06/15 : 3:14:00 PM
2019/05/05 10:16:58 AM - Inserted clocking record no: 328505 :  OUT : 2018/06/15 : 7:47:00 AM
2019/05/05 10:16:59 AM - Inserted clocking record no: 328506 :  OUT : 2018/06/14 : 4:00:00 PM
2019/05/05 10:17:00 AM - Inserted clocking record no: 328507 :  OUT : 2018/06/14 : 12:34:00 PM
2019/05/05 10:17:03 AM - Inserted clocking record no: 328508 :  OUT : 2018/06/14 : 10:05:00 AM
2019/05/05 10:19:24 AM - Inserted clocking record no: 328518 :  OUT : 2018/06/14 : 7:37:00 AM
2019/05/05 10:19:25 AM - Inserted clocking record no: 328519 :  OUT : 2018/06/14 : 7:35:00 AM
2019/05/05 10:19:27 AM - Inserted clocking record no: 328520 :  OUT : 2018/06/13 : 4:01:00 PM
2019/05/05 10:19:29 AM - Inserted clocking record no: 328521 :  OUT : 2018/06/13 : 10:20:00 AM
2019/05/05 10:19:30 AM - Inserted clocking record no: 328522 :  OUT : 2018/06/13 : 7:42:00 AM
2019/05/05 10:19:32 AM - Inserted clocking record no: 328523 :  OUT : 2018/06/12 : 4:07:00 PM
2019/05/05 10:19:33 AM - Inserted clocking record no: 328524 :  OUT : 2018/06/12 : 2:50:00 PM
2019/05/05 10:19:34 AM - Inserted clocking record no: 328525 :  OUT : 2018/06/12 : 10:40:00 AM
2019/05/05 10:19:35 AM - Inserted clocking record no: 328526 :  OUT : 2018/06/12 : 8:01:00 AM
2019/05/05 10:19:37 AM - Inserted clocking record no: 328527 :  OUT : 2018/06/12 : 7:53:00 AM
2019/05/05 10:19:39 AM - Inserted clocking record no: 328528 :  OUT : 2018/06/11 : 6:02:00 PM
2019/05/05 10:19:40 AM - Inserted clocking record no: 328529 :  OUT : 2018/06/11 : 4:03:00 PM
2019/05/05 10:19:41 AM - Inserted clocking record no: 328530 :  OUT : 2018/06/11 : 4:03:00 PM
2019/05/05 10:19:42 AM - Inserted clocking record no: 328531 :  OUT : 2018/06/11 : 3:27:00 PM
2019/05/05 10:19:45 AM - Inserted clocking record no: 328532 :  OUT : 2018/06/11 : 11:58:00 AM
2019/05/05 10:23:38 AM - Inserted clocking record no: 328542 :  OUT : 2018/06/11 : 7:55:00 AM
2019/05/05 10:23:39 AM - Inserted clocking record no: 328543 :  OUT : 2018/06/10 : 7:22:00 PM
2019/05/05 10:23:40 AM - Inserted clocking record no: 328544 :  OUT : 2018/06/10 : 6:52:00 PM
2019/05/05 10:23:41 AM - Inserted clocking record no: 328545 :  OUT : 2018/06/10 : 4:45:00 PM
2019/05/05 10:23:42 AM - Inserted clocking record no: 328546 :  OUT : 2018/06/10 : 3:14:00 PM
2019/05/05 10:23:43 AM - Inserted clocking record no: 328547 :  OUT : 2018/06/10 : 3:00:00 PM
2019/05/05 10:23:45 AM - Inserted clocking record no: 328548 :  OUT : 2018/06/10 : 2:24:00 PM
2019/05/05 10:23:47 AM - Inserted clocking record no: 328549 :  OUT : 2018/06/10 : 1:41:00 PM
2019/05/05 10:23:48 AM - Inserted clocking record no: 328550 :  OUT : 2018/06/10 : 1:38:00 PM
2019/05/05 10:23:50 AM - Inserted clocking record no: 328551 :  OUT : 2018/06/10 : 1:30:00 PM
2019/05/05 10:29:09 AM - Inserted clocking record no: 328571 :  OUT : 2018/06/09 : 5:19:00 PM
2019/05/05 10:29:10 AM - Inserted clocking record no: 328572 :  OUT : 2018/06/09 : 4:20:00 PM
2019/05/05 10:29:11 AM - Inserted clocking record no: 328573 :  OUT : 2018/06/09 : 12:23:00 PM
2019/05/05 10:29:12 AM - Inserted clocking record no: 328574 :  OUT : 2018/06/09 : 12:15:00 PM
2019/05/05 10:29:14 AM - Inserted clocking record no: 328575 :  OUT : 2018/06/08 : 5:56:00 PM
2019/05/05 10:35:40 AM - Inserted clocking record no: 328603 :  OUT : 2018/06/08 : 5:13:00 PM
2019/05/05 10:42:14 AM - Inserted clocking record no: 328632 :  OUT : 2018/06/08 : 4:04:00 PM
2019/05/05 10:42:15 AM - Inserted clocking record no: 328633 :  OUT : 2018/06/08 : 4:04:00 PM
2019/05/05 10:42:17 AM - Inserted clocking record no: 328634 :  OUT : 2018/06/08 : 12:22:00 PM
2019/05/05 10:49:06 AM - Inserted clocking record no: 328664 :  OUT : 2018/06/08 : 7:49:00 AM
2019/05/05 10:49:07 AM - Inserted clocking record no: 328665 :  OUT : 2018/06/08 : 7:42:00 AM
2019/05/05 10:49:08 AM - Inserted clocking record no: 328666 :  OUT : 2018/06/07 : 4:27:00 PM
2019/05/05 10:49:09 AM - Inserted clocking record no: 328667 :  OUT : 2018/06/07 : 12:52:00 PM
2019/05/05 10:49:13 AM - Inserted clocking record no: 328668 :  OUT : 2018/06/07 : 10:58:00 AM
2019/05/05 10:54:41 AM - Inserted clocking record no: 328679 :  OUT : 2018/06/07 : 10:24:00 AM
2019/05/05 10:54:42 AM - Inserted clocking record no: 328680 :  OUT : 2018/06/07 : 7:46:00 AM
2019/05/05 10:54:43 AM - Inserted clocking record no: 328681 :  OUT : 2018/06/06 : 4:01:00 PM
2019/05/05 10:54:44 AM - Inserted clocking record no: 328682 :  OUT : 2018/06/06 : 11:20:00 AM
2019/05/05 10:54:47 AM - Inserted clocking record no: 328683 :  OUT : 2018/06/06 : 11:15:00 AM
2019/05/05 11:03:02 AM - Inserted clocking record no: 328712 :  OUT : 2018/06/06 : 10:52:00 AM
2019/05/05 11:11:32 AM - Inserted clocking record no: 328742 :  OUT : 2018/06/06 : 10:06:00 AM
2019/05/05 11:20:15 AM - Inserted clocking record no: 328773 :  OUT : 2018/06/06 : 7:39:00 AM
2019/05/05 11:20:17 AM - Inserted clocking record no: 328774 :  OUT : 2018/06/05 : 9:17:00 PM
2019/05/05 11:20:18 AM - Inserted clocking record no: 328775 :  OUT : 2018/06/05 : 4:03:00 PM
2019/05/05 11:20:19 AM - Inserted clocking record no: 328776 :  OUT : 2018/06/05 : 1:23:00 PM
2019/05/05 11:20:21 AM - Inserted clocking record no: 328777 :  OUT : 2018/06/05 : 1:07:00 PM
2019/05/05 11:24:24 AM - Inserted clocking record no: 328787 :  OUT : 2018/06/05 : 7:45:00 AM
2019/05/05 11:24:25 AM - Inserted clocking record no: 328788 :  OUT : 2018/06/05 : 7:44:00 AM
2019/05/05 11:24:26 AM - Inserted clocking record no: 328789 :  OUT : 2018/06/04 : 4:00:00 PM
2019/05/05 11:24:27 AM - Inserted clocking record no: 328790 :  OUT : 2018/06/04 : 2:44:00 PM
2019/05/05 11:24:28 AM - Inserted clocking record no: 328791 :  OUT : 2018/06/04 : 7:47:00 AM
2019/05/05 11:24:29 AM - Inserted clocking record no: 328792 :  OUT : 2018/06/03 : 5:06:00 PM
2019/05/05 11:24:30 AM - Inserted clocking record no: 328793 :  OUT : 2018/06/03 : 5:05:00 PM
2019/05/05 11:24:33 AM - Inserted clocking record no: 328794 :  OUT : 2018/06/03 : 2:36:00 PM
2019/05/05 11:30:03 AM - Inserted clocking record no: 328814 :  OUT : 2018/06/03 : 1:43:00 PM
2019/05/05 11:35:47 AM - Inserted clocking record no: 328835 :  OUT : 2018/06/03 : 12:58:00 PM
2019/05/05 11:35:49 AM - Inserted clocking record no: 328836 :  OUT : 2018/06/03 : 12:16:00 PM
2019/05/05 11:35:50 AM - Inserted clocking record no: 328837 :  OUT : 2018/06/03 : 11:58:00 AM
2019/05/05 11:35:52 AM - Inserted clocking record no: 328838 :  OUT : 2018/06/02 : 10:33:00 AM
2019/05/05 11:40:20 AM - Inserted clocking record no: 328849 :  OUT : 2018/06/01 : 6:38:00 PM
2019/05/05 11:44:20 AM - Inserted clocking record no: 328859 :  OUT : 2018/06/01 : 4:01:00 PM
2019/05/05 11:44:22 AM - Inserted clocking record no: 328860 :  OUT : 2018/06/01 : 7:48:00 AM
2019/05/05 11:44:23 AM - Inserted clocking record no: 328861 :  OUT : 2018/06/01 : 7:44:00 AM
2019/05/05 11:44:24 AM - Inserted clocking record no: 328862 :  OUT : 2018/06/01 : 7:15:00 AM
2019/05/05 11:44:25 AM - Inserted clocking record no: 328863 :  OUT : 2018/05/31 : 4:03:00 PM
2019/05/05 11:44:26 AM - Inserted clocking record no: 328864 :  OUT : 2018/05/31 : 12:02:00 PM
2019/05/05 11:44:29 AM - Inserted clocking record no: 328865 :  OUT : 2018/05/31 : 11:00:00 AM
2019/05/05 11:49:58 AM - Inserted clocking record no: 328885 :  OUT : 2018/05/31 : 7:56:00 AM
2019/05/05 11:50:01 AM - Inserted clocking record no: 328886 :  OUT : 2018/05/31 : 7:14:00 AM
2019/05/05 11:55:45 AM - Inserted clocking record no: 328907 :  OUT : 2018/05/30 : 4:33:00 PM
2019/05/05 11:55:46 AM - Inserted clocking record no: 328908 :  OUT : 2018/05/30 : 4:01:00 PM
2019/05/05 11:55:47 AM - Inserted clocking record no: 328909 :  OUT : 2018/05/30 : 4:01:00 PM
2019/05/05 11:55:49 AM - Inserted clocking record no: 328910 :  OUT : 2018/05/30 : 3:04:00 PM
2019/05/05 11:59:36 AM - Inserted clocking record no: 328920 :  OUT : 2018/05/30 : 11:42:00 AM
2019/05/05 11:59:38 AM - Inserted clocking record no: 328921 :  OUT : 2018/05/30 : 9:09:00 AM
2019/05/05 11:59:39 AM - Inserted clocking record no: 328922 :  OUT : 2018/05/29 : 5:06:00 PM
2019/05/05 11:59:40 AM - Inserted clocking record no: 328923 :  OUT : 2018/05/29 : 4:02:00 PM
2019/05/05 11:59:42 AM - Inserted clocking record no: 328924 :  OUT : 2018/05/29 : 4:02:00 PM
2019/05/05 11:59:44 AM - Inserted clocking record no: 328925 :  OUT : 2018/05/29 : 3:47:00 PM
2019/05/05 12:01:34 PM - Inserted clocking record no: 328935 :  OUT : 2018/05/29 : 9:11:00 AM
2019/05/05 12:01:35 PM - Inserted clocking record no: 328936 :  OUT : 2018/05/29 : 7:27:00 AM
2019/05/05 12:01:36 PM - Inserted clocking record no: 328937 :  OUT : 2018/05/28 : 4:03:00 PM
2019/05/05 12:01:37 PM - Inserted clocking record no: 328938 :  OUT : 2018/05/28 : 1:28:00 PM
2019/05/05 12:01:38 PM - Inserted clocking record no: 328939 :  OUT : 2018/05/28 : 10:25:00 AM
2019/05/05 12:01:40 PM - Inserted clocking record no: 328940 :  OUT : 2018/05/28 : 10:25:00 AM
2019/05/05 12:01:41 PM - Inserted clocking record no: 328941 :  OUT : 2018/05/28 : 7:49:00 AM
2019/05/05 12:01:42 PM - Inserted clocking record no: 328942 :  OUT : 2018/05/28 : 7:33:00 AM
2019/05/05 12:01:43 PM - Inserted clocking record no: 328943 :  OUT : 2018/05/27 : 11:50:00 AM
2019/05/05 12:01:44 PM - Inserted clocking record no: 328944 :  OUT : 2018/05/26 : 5:49:00 PM
2019/05/05 12:01:47 PM - Inserted clocking record no: 328945 :  OUT : 2018/05/26 : 11:37:00 AM
2019/05/05 12:05:55 PM - Inserted clocking record no: 328956 :  OUT : 2018/05/25 : 4:02:00 PM
2019/05/05 12:05:58 PM - Inserted clocking record no: 328957 :  OUT : 2018/05/25 : 2:26:00 PM
2019/05/05 12:12:03 PM - Inserted clocking record no: 328977 :  OUT : 2018/05/25 : 1:50:00 PM
2019/05/05 12:18:23 PM - Inserted clocking record no: 328998 :  OUT : 2018/05/25 : 10:55:00 AM
2019/05/05 12:18:24 PM - Inserted clocking record no: 328999 :  OUT : 2018/05/25 : 7:45:00 AM
2019/05/05 12:18:25 PM - Inserted clocking record no: 329000 :  OUT : 2018/05/24 : 4:06:00 PM
2019/05/05 12:18:26 PM - Inserted clocking record no: 329001 :  OUT : 2018/05/24 : 3:37:00 PM
2019/05/05 12:18:27 PM - Inserted clocking record no: 329002 :  OUT : 2018/05/24 : 3:26:00 PM
2019/05/05 12:18:30 PM - Inserted clocking record no: 329003 :  OUT : 2018/05/24 : 3:03:00 PM
2019/05/05 12:22:17 PM - Inserted clocking record no: 329013 :  OUT : 2018/05/24 : 9:37:00 AM
2019/05/05 12:22:18 PM - Inserted clocking record no: 329014 :  OUT : 2018/05/24 : 7:42:00 AM
2019/05/05 12:22:19 PM - Inserted clocking record no: 329015 :  OUT : 2018/05/23 : 6:08:00 PM
2019/05/05 12:23:56 PM - Inserted clocking record no: 329025 :  OUT : 2018/05/23 : 3:57:00 PM
2019/05/05 12:23:59 PM - Inserted clocking record no: 329026 :  OUT : 2018/05/23 : 3:06:00 PM
2019/05/05 12:27:27 PM - Inserted clocking record no: 329036 :  OUT : 2018/05/23 : 9:55:00 AM
2019/05/05 12:27:29 PM - Inserted clocking record no: 329037 :  OUT : 2018/05/23 : 9:50:00 AM
2019/05/05 12:27:30 PM - Inserted clocking record no: 329038 :  OUT : 2018/05/23 : 9:08:00 AM
2019/05/05 12:27:31 PM - Inserted clocking record no: 329039 :  OUT : 2018/05/23 : 8:52:00 AM
2019/05/05 12:27:32 PM - Inserted clocking record no: 329040 :  OUT : 2018/05/23 : 7:39:00 AM
2019/05/05 12:27:33 PM - Inserted clocking record no: 329041 :  OUT : 2018/05/23 : 7:36:00 AM
2019/05/05 12:27:34 PM - Inserted clocking record no: 329042 :  OUT : 2018/05/22 : 4:51:00 PM
2019/05/05 12:27:36 PM - Inserted clocking record no: 329043 :  OUT : 2018/05/22 : 4:00:00 PM
2019/05/05 12:27:38 PM - Inserted clocking record no: 329044 :  OUT : 2018/05/22 : 3:21:00 PM
2019/05/05 12:31:38 PM - Inserted clocking record no: 329063 :  OUT : 2018/05/22 : 7:37:00 AM
2019/05/05 12:31:41 PM - Inserted clocking record no: 329064 :  OUT : 2018/05/22 : 7:19:00 AM
2019/05/05 12:35:57 PM - Inserted clocking record no: 329084 :  OUT : 2018/05/21 : 4:02:00 PM
2019/05/05 12:35:59 PM - Inserted clocking record no: 329085 :  OUT : 2018/05/21 : 2:52:00 PM
2019/05/05 12:36:00 PM - Inserted clocking record no: 329086 :  OUT : 2018/05/21 : 2:15:00 PM
2019/05/05 12:36:01 PM - Inserted clocking record no: 329087 :  OUT : 2018/05/21 : 2:14:00 PM
2019/05/05 12:36:02 PM - Inserted clocking record no: 329088 :  OUT : 2018/05/21 : 1:37:00 PM
2019/05/05 12:36:03 PM - Inserted clocking record no: 329089 :  OUT : 2018/05/21 : 9:13:00 AM
2019/05/05 12:36:04 PM - Inserted clocking record no: 329090 :  OUT : 2018/05/21 : 7:39:00 AM
2019/05/05 12:36:05 PM - Inserted clocking record no: 329091 :  OUT : 2018/05/20 : 5:46:00 PM
2019/05/05 12:36:06 PM - Inserted clocking record no: 329092 :  OUT : 2018/05/20 : 4:54:00 PM
2019/05/05 12:36:09 PM - Inserted clocking record no: 329093 :  OUT : 2018/05/20 : 2:04:00 PM
2019/05/05 12:39:31 PM - Inserted clocking record no: 329104 :  OUT : 2018/05/19 : 9:30:00 AM
2019/05/05 12:43:28 PM - Inserted clocking record no: 329115 :  OUT : 2018/05/18 : 6:09:00 PM
2019/05/05 12:43:29 PM - Inserted clocking record no: 329116 :  OUT : 2018/05/18 : 3:55:00 PM
2019/05/05 12:43:32 PM - Inserted clocking record no: 329117 :  OUT : 2018/05/18 : 1:47:00 PM
2019/05/05 12:46:28 PM - Inserted clocking record no: 329127 :  OUT : 2018/05/18 : 1:10:00 PM
2019/05/05 12:46:31 PM - Inserted clocking record no: 329128 :  OUT : 2018/05/18 : 9:45:00 AM
2019/05/05 12:46:32 PM - Inserted clocking record no: 329129 :  OUT : 2018/05/18 : 8:01:00 AM
2019/05/05 12:46:33 PM - Inserted clocking record no: 329130 :  OUT : 2018/05/18 : 7:41:00 AM
2019/05/05 12:46:35 PM - Inserted clocking record no: 329131 :  OUT : 2018/05/18 : 7:29:00 AM
2019/05/05 12:46:36 PM - Inserted clocking record no: 329132 :  OUT : 2018/05/17 : 4:01:00 PM
2019/05/05 12:46:38 PM - Inserted clocking record no: 329133 :  OUT : 2018/05/17 : 12:12:00 PM
2019/05/05 12:46:40 PM - Inserted clocking record no: 329134 :  OUT : 2018/05/17 : 12:11:00 PM
2019/05/05 12:46:41 PM - Inserted clocking record no: 329135 :  OUT : 2018/05/17 : 10:19:00 AM
2019/05/05 12:46:43 PM - Inserted clocking record no: 329136 :  OUT : 2018/05/17 : 7:47:00 AM
2019/05/05 12:46:44 PM - Inserted clocking record no: 329137 :  OUT : 2018/05/17 : 7:30:00 AM
2019/05/05 12:46:46 PM - Inserted clocking record no: 329138 :  OUT : 2018/05/16 : 7:43:00 PM
2019/05/05 12:49:27 PM - Inserted clocking record no: 329148 :  OUT : 2018/05/16 : 4:00:00 PM
2019/05/05 12:49:28 PM - Inserted clocking record no: 329149 :  OUT : 2018/05/16 : 2:42:00 PM
2019/05/05 12:49:30 PM - Inserted clocking record no: 329150 :  OUT : 2018/05/16 : 1:53:00 PM
2019/05/05 12:49:31 PM - Inserted clocking record no: 329151 :  OUT : 2018/05/16 : 10:13:00 AM
2019/05/05 12:49:32 PM - Inserted clocking record no: 329152 :  OUT : 2018/05/16 : 7:37:00 AM
2019/05/05 12:49:33 PM - Inserted clocking record no: 329153 :  OUT : 2018/05/16 : 7:37:00 AM
2019/05/05 12:49:34 PM - Inserted clocking record no: 329154 :  OUT : 2018/05/15 : 4:02:00 PM
2019/05/05 12:49:35 PM - Inserted clocking record no: 329155 :  OUT : 2018/05/15 : 4:02:00 PM
2019/05/05 12:49:38 PM - Inserted clocking record no: 329156 :  OUT : 2018/05/15 : 3:08:00 PM
2019/05/05 12:52:13 PM - Inserted clocking record no: 329166 :  OUT : 2018/05/15 : 2:52:00 PM
2019/05/05 12:52:15 PM - Inserted clocking record no: 329167 :  OUT : 2018/05/15 : 8:54:00 AM
2019/05/05 12:52:16 PM - Inserted clocking record no: 329168 :  OUT : 2018/05/15 : 7:54:00 AM
2019/05/05 12:52:17 PM - Inserted clocking record no: 329169 :  OUT : 2018/05/15 : 7:54:00 AM
2019/05/05 12:52:18 PM - Inserted clocking record no: 329170 :  OUT : 2018/05/15 : 7:37:00 AM
2019/05/05 12:52:19 PM - Inserted clocking record no: 329171 :  OUT : 2018/05/15 : 6:32:00 AM
2019/05/05 12:52:20 PM - Inserted clocking record no: 329172 :  OUT : 2018/05/14 : 3:57:00 PM
2019/05/05 12:52:22 PM - Inserted clocking record no: 329173 :  OUT : 2018/05/14 : 3:50:00 PM
2019/05/05 12:52:24 PM - Inserted clocking record no: 329174 :  OUT : 2018/05/14 : 3:02:00 PM
2019/05/05 12:54:54 PM - Inserted clocking record no: 329183 :  OUT : 2018/05/14 : 11:48:00 AM
2019/05/05 12:54:56 PM - Inserted clocking record no: 329184 :  OUT : 2018/05/14 : 8:17:00 AM
2019/05/05 12:54:57 PM - Inserted clocking record no: 329185 :  OUT : 2018/05/14 : 7:39:00 AM
2019/05/05 12:54:58 PM - Inserted clocking record no: 329186 :  OUT : 2018/05/13 : 4:37:00 PM
2019/05/05 12:55:01 PM - Inserted clocking record no: 329187 :  OUT : 2018/05/13 : 3:39:00 PM
2019/05/05 12:56:45 PM - Inserted clocking record no: 329197 :  OUT : 2018/05/13 : 1:45:00 PM
2019/05/05 12:56:46 PM - Inserted clocking record no: 329198 :  OUT : 2018/05/13 : 8:57:00 AM
2019/05/05 12:56:47 PM - Inserted clocking record no: 329199 :  OUT : 2018/05/12 : 5:37:00 PM
2019/05/05 12:56:50 PM - Inserted clocking record no: 329200 :  OUT : 2018/05/12 : 9:43:00 AM
2019/05/05 1:00:12 PM - Inserted clocking record no: 329211 :  OUT : 2018/05/11 : 4:01:00 PM
2019/05/05 1:00:15 PM - Inserted clocking record no: 329212 :  OUT : 2018/05/11 : 1:49:00 PM
2019/05/05 1:03:10 PM - Inserted clocking record no: 329222 :  OUT : 2018/05/11 : 11:21:00 AM
2019/05/05 1:03:12 PM - Inserted clocking record no: 329223 :  OUT : 2018/05/11 : 11:12:00 AM
2019/05/05 1:03:14 PM - Inserted clocking record no: 329224 :  OUT : 2018/05/11 : 7:34:00 AM
2019/05/05 1:03:15 PM - Inserted clocking record no: 329225 :  OUT : 2018/05/10 : 6:35:00 PM
2019/05/05 1:03:16 PM - Inserted clocking record no: 329226 :  OUT : 2018/05/10 : 4:00:00 PM
2019/05/05 1:03:17 PM - Inserted clocking record no: 329227 :  OUT : 2018/05/10 : 1:03:00 PM
2019/05/05 1:03:18 PM - Inserted clocking record no: 329228 :  OUT : 2018/05/10 : 7:47:00 AM
2019/05/05 1:03:20 PM - Inserted clocking record no: 329229 :  OUT : 2018/05/09 : 4:02:00 PM
2019/05/05 1:03:21 PM - Inserted clocking record no: 329230 :  OUT : 2018/05/09 : 1:28:00 PM
2019/05/05 1:03:22 PM - Inserted clocking record no: 329231 :  OUT : 2018/05/09 : 7:41:00 AM
2019/05/05 1:03:23 PM - Inserted clocking record no: 329232 :  OUT : 2018/05/08 : 6:48:00 PM
2019/05/05 1:03:26 PM - Inserted clocking record no: 329233 :  OUT : 2018/05/08 : 12:20:00 PM
2019/05/05 1:07:33 PM - Inserted clocking record no: 329244 :  OUT : 2018/05/07 : 4:11:00 PM
2019/05/05 1:07:36 PM - Inserted clocking record no: 329245 :  OUT : 2018/05/07 : 3:10:00 PM
2019/05/05 1:13:55 PM - Inserted clocking record no: 329265 :  OUT : 2018/05/07 : 8:23:00 AM
2019/05/05 1:13:58 PM - Inserted clocking record no: 329266 :  OUT : 2018/05/07 : 7:26:00 AM
2019/05/05 1:14:01 PM - Inserted clocking record no: 329267 :  OUT : 2018/05/06 : 4:35:00 PM
2019/05/05 1:21:21 PM - Inserted clocking record no: 329297 :  OUT : 2018/05/06 : 2:01:00 PM
2019/05/05 1:27:56 PM - Inserted clocking record no: 329318 :  OUT : 2018/05/06 : 9:02:00 AM
2019/05/05 1:27:57 PM - Inserted clocking record no: 329319 :  OUT : 2018/05/06 : 8:30:00 AM
2019/05/05 1:27:58 PM - Inserted clocking record no: 329320 :  OUT : 2018/05/05 : 7:37:00 PM
2019/05/05 1:27:59 PM - Inserted clocking record no: 329321 :  OUT : 2018/05/05 : 2:05:00 PM
2019/05/05 1:28:02 PM - Inserted clocking record no: 329322 :  OUT : 2018/05/05 : 12:26:00 PM
2019/05/05 1:35:47 PM - Inserted clocking record no: 329342 :  OUT : 2018/05/05 : 12:19:00 PM
2019/05/05 1:43:45 PM - Inserted clocking record no: 329363 :  OUT : 2018/05/04 : 4:05:00 PM
2019/05/05 1:43:48 PM - Inserted clocking record no: 329364 :  OUT : 2018/05/04 : 3:33:00 PM
2019/05/05 1:52:20 PM - Inserted clocking record no: 329393 :  OUT : 2018/05/04 : 3:11:00 PM
2019/05/05 2:01:04 PM - Inserted clocking record no: 329423 :  OUT : 2018/05/04 : 2:41:00 PM
2019/05/05 2:01:05 PM - Inserted clocking record no: 329424 :  OUT : 2018/05/04 : 2:31:00 PM
2019/05/05 2:01:06 PM - Inserted clocking record no: 329425 :  OUT : 2018/05/04 : 10:55:00 AM
2019/05/05 2:01:07 PM - Inserted clocking record no: 329426 :  OUT : 2018/05/04 : 7:33:00 AM
2019/05/05 2:01:10 PM - Inserted clocking record no: 329427 :  OUT : 2018/05/04 : 7:29:00 AM
2019/05/05 2:01:56 PM - Inserted clocking record no: 329435 :  OUT : 2018/05/03 : 4:01:00 PM
2019/05/05 2:01:59 PM - Inserted clocking record no: 329436 :  OUT : 2018/05/03 : 3:50:00 PM
2019/05/05 2:06:04 PM - Inserted clocking record no: 329456 :  OUT : 2018/05/03 : 3:09:00 PM
2019/05/05 2:10:08 PM - Inserted clocking record no: 329475 :  OUT : 2018/05/03 : 7:39:00 AM
2019/05/05 2:10:09 PM - Inserted clocking record no: 329476 :  OUT : 2018/05/03 : 7:37:00 AM
2019/05/05 2:10:10 PM - Inserted clocking record no: 329477 :  OUT : 2018/05/03 : 7:37:00 AM
2019/05/05 2:10:11 PM - Inserted clocking record no: 329478 :  OUT : 2018/05/02 : 4:00:00 PM
2019/05/05 2:10:13 PM - Inserted clocking record no: 329479 :  OUT : 2018/05/02 : 12:46:00 PM
2019/05/05 2:10:14 PM - Inserted clocking record no: 329480 :  OUT : 2018/05/02 : 9:56:00 AM
2019/05/05 2:10:15 PM - Inserted clocking record no: 329481 :  OUT : 2018/05/02 : 7:46:00 AM
2019/05/05 2:10:16 PM - Inserted clocking record no: 329482 :  OUT : 2018/05/01 : 2:32:00 PM
2019/05/05 2:10:17 PM - Inserted clocking record no: 329483 :  OUT : 2018/04/30 : 7:48:00 PM
2019/05/05 2:10:18 PM - Inserted clocking record no: 329484 :  OUT : 2018/04/30 : 4:02:00 PM
2019/05/05 2:10:19 PM - Inserted clocking record no: 329485 :  OUT : 2018/04/30 : 10:19:00 AM
2019/05/05 2:10:21 PM - Inserted clocking record no: 329486 :  OUT : 2018/04/30 : 7:40:00 AM
2019/05/05 2:10:22 PM - Inserted clocking record no: 329487 :  OUT : 2018/04/30 : 7:40:00 AM
2019/05/05 2:10:23 PM - Inserted clocking record no: 329488 :  OUT : 2018/04/29 : 6:55:00 PM
2019/05/05 2:10:24 PM - Inserted clocking record no: 329489 :  OUT : 2018/04/29 : 3:29:00 PM
2019/05/05 2:10:27 PM - Inserted clocking record no: 329490 :  OUT : 2018/04/29 : 2:27:00 PM
2019/05/05 2:16:01 PM - Inserted clocking record no: 329510 :  OUT : 2018/04/29 : 2:27:00 PM
2019/05/05 2:21:49 PM - Inserted clocking record no: 329531 :  OUT : 2018/04/28 : 9:34:00 PM
2019/05/05 2:21:50 PM - Inserted clocking record no: 329532 :  OUT : 2018/04/28 : 3:16:00 PM
2019/05/05 2:21:53 PM - Inserted clocking record no: 329533 :  OUT : 2018/04/28 : 9:23:00 AM
2019/05/05 2:28:00 PM - Inserted clocking record no: 329544 :  OUT : 2018/04/28 : 7:46:00 AM
2019/05/05 2:28:02 PM - Inserted clocking record no: 329545 :  OUT : 2018/04/27 : 5:27:00 PM
2019/05/05 2:37:27 PM - Inserted clocking record no: 329574 :  OUT : 2018/04/27 : 3:14:00 PM
2019/05/05 2:37:30 PM - Inserted clocking record no: 329575 :  OUT : 2018/04/27 : 2:56:00 PM
2019/05/05 2:47:14 PM - Inserted clocking record no: 329605 :  OUT : 2018/04/27 : 2:56:00 PM
2019/05/05 2:57:11 PM - Inserted clocking record no: 329636 :  OUT : 2018/04/26 : 4:01:00 PM
2019/05/05 2:57:12 PM - Inserted clocking record no: 329637 :  OUT : 2018/04/26 : 3:39:00 PM
2019/05/05 2:57:14 PM - Inserted clocking record no: 329638 :  OUT : 2018/04/26 : 3:24:00 PM
2019/05/05 3:04:34 PM - Inserted clocking record no: 329666 :  OUT : 2018/04/26 : 3:12:00 PM
2019/05/05 3:12:07 PM - Inserted clocking record no: 329695 :  OUT : 2018/04/26 : 3:06:00 PM
2019/05/05 3:19:50 PM - Inserted clocking record no: 329725 :  OUT : 2018/04/26 : 2:55:00 PM
2019/05/05 3:19:52 PM - Inserted clocking record no: 329726 :  OUT : 2018/04/26 : 11:35:00 AM
2019/05/05 3:19:53 PM - Inserted clocking record no: 329727 :  OUT : 2018/04/26 : 7:52:00 AM
2019/05/05 3:19:54 PM - Inserted clocking record no: 329728 :  OUT : 2018/04/26 : 7:48:00 AM
2019/05/05 3:19:55 PM - Inserted clocking record no: 329729 :  OUT : 2018/04/25 : 4:01:00 PM
2019/05/05 3:19:58 PM - Inserted clocking record no: 329730 :  OUT : 2018/04/25 : 3:07:00 PM
2019/05/05 3:21:50 PM - Inserted clocking record no: 329740 :  OUT : 2018/04/25 : 2:35:00 PM
2019/05/05 3:21:51 PM - Inserted clocking record no: 329741 :  OUT : 2018/04/25 : 1:13:00 PM
2019/05/05 3:21:52 PM - Inserted clocking record no: 329742 :  OUT : 2018/04/25 : 12:03:00 PM
2019/05/05 3:21:54 PM - Inserted clocking record no: 329743 :  OUT : 2018/04/25 : 9:42:00 AM
2019/05/05 3:21:55 PM - Inserted clocking record no: 329744 :  OUT : 2018/04/25 : 9:10:00 AM
2019/05/05 3:21:57 PM - Inserted clocking record no: 329745 :  OUT : 2018/04/25 : 7:26:00 AM
2019/05/05 3:21:58 PM - Inserted clocking record no: 329746 :  OUT : 2018/04/24 : 4:01:00 PM
2019/05/05 3:21:59 PM - Inserted clocking record no: 329747 :  OUT : 2018/04/24 : 8:09:00 AM
2019/05/05 3:22:00 PM - Inserted clocking record no: 329748 :  OUT : 2018/04/24 : 7:49:00 AM
2019/05/05 3:22:01 PM - Inserted clocking record no: 329749 :  OUT : 2018/04/24 : 7:49:00 AM
2019/05/05 3:22:02 PM - Inserted clocking record no: 329750 :  OUT : 2018/04/24 : 7:47:00 AM
2019/05/05 3:22:04 PM - Inserted clocking record no: 329751 :  OUT : 2018/04/24 : 7:42:00 AM
2019/05/05 3:22:06 PM - Inserted clocking record no: 329752 :  OUT : 2018/04/23 : 7:51:00 PM
2019/05/05 3:24:49 PM - Inserted clocking record no: 329762 :  OUT : 2018/04/23 : 4:04:00 PM
2019/05/05 3:24:50 PM - Inserted clocking record no: 329763 :  OUT : 2018/04/23 : 3:17:00 PM
2019/05/05 3:24:51 PM - Inserted clocking record no: 329764 :  OUT : 2018/04/23 : 12:03:00 PM
2019/05/05 3:24:52 PM - Inserted clocking record no: 329765 :  OUT : 2018/04/23 : 11:48:00 AM
2019/05/05 3:24:53 PM - Inserted clocking record no: 329766 :  OUT : 2018/04/23 : 11:07:00 AM
2019/05/05 3:24:55 PM - Inserted clocking record no: 329767 :  OUT : 2018/04/23 : 7:46:00 AM
2019/05/05 3:24:56 PM - Inserted clocking record no: 329768 :  OUT : 2018/04/23 : 7:43:00 AM
2019/05/05 3:24:57 PM - Inserted clocking record no: 329769 :  OUT : 2018/04/22 : 6:24:00 PM
2019/05/05 3:24:58 PM - Inserted clocking record no: 329770 :  OUT : 2018/04/22 : 5:50:00 PM
2019/05/05 3:24:59 PM - Inserted clocking record no: 329771 :  OUT : 2018/04/22 : 5:34:00 PM
2019/05/05 3:25:01 PM - Inserted clocking record no: 329772 :  OUT : 2018/04/22 : 4:40:00 PM
2019/05/05 3:25:02 PM - Inserted clocking record no: 329773 :  OUT : 2018/04/22 : 4:37:00 PM
2019/05/05 3:25:04 PM - Inserted clocking record no: 329774 :  OUT : 2018/04/22 : 4:37:00 PM
2019/05/05 3:28:31 PM - Inserted clocking record no: 329784 :  OUT : 2018/04/22 : 7:01:00 AM
2019/05/05 3:28:32 PM - Inserted clocking record no: 329785 :  OUT : 2018/04/21 : 5:17:00 PM
2019/05/05 3:28:35 PM - Inserted clocking record no: 329786 :  OUT : 2018/04/21 : 4:49:00 PM
2019/05/05 3:32:28 PM - Inserted clocking record no: 329804 :  OUT : 2018/04/21 : 11:27:00 AM
2019/05/05 3:36:37 PM - Inserted clocking record no: 329823 :  OUT : 2018/04/20 : 6:28:00 PM
2019/05/05 3:36:38 PM - Inserted clocking record no: 329824 :  OUT : 2018/04/20 : 5:44:00 PM
2019/05/05 3:36:40 PM - Inserted clocking record no: 329825 :  OUT : 2018/04/20 : 5:11:00 PM
2019/05/05 3:38:18 PM - Inserted clocking record no: 329835 :  OUT : 2018/04/20 : 3:17:00 PM
2019/05/05 3:38:20 PM - Inserted clocking record no: 329836 :  OUT : 2018/04/20 : 1:28:00 PM
2019/05/05 3:38:21 PM - Inserted clocking record no: 329837 :  OUT : 2018/04/20 : 12:31:00 PM
2019/05/05 3:38:22 PM - Inserted clocking record no: 329838 :  OUT : 2018/04/20 : 9:32:00 AM
2019/05/05 3:38:23 PM - Inserted clocking record no: 329839 :  OUT : 2018/04/20 : 9:04:00 AM
2019/05/05 3:38:24 PM - Inserted clocking record no: 329840 :  OUT : 2018/04/19 : 4:08:00 PM
2019/05/05 3:38:25 PM - Inserted clocking record no: 329841 :  OUT : 2018/04/19 : 4:08:00 PM
2019/05/05 3:38:28 PM - Inserted clocking record no: 329842 :  OUT : 2018/04/19 : 2:44:00 PM
2019/05/05 3:41:49 PM - Inserted clocking record no: 329853 :  OUT : 2018/04/19 : 7:52:00 AM
2019/05/05 3:41:50 PM - Inserted clocking record no: 329854 :  OUT : 2018/04/19 : 7:36:00 AM
2019/05/05 3:41:51 PM - Inserted clocking record no: 329855 :  OUT : 2018/04/18 : 4:05:00 PM
2019/05/05 3:41:53 PM - Inserted clocking record no: 329856 :  OUT : 2018/04/18 : 4:05:00 PM
2019/05/05 3:41:55 PM - Inserted clocking record no: 329857 :  OUT : 2018/04/18 : 3:08:00 PM
2019/05/05 3:45:59 PM - Inserted clocking record no: 329867 :  OUT : 2018/04/18 : 7:49:00 AM
2019/05/05 3:46:00 PM - Inserted clocking record no: 329868 :  OUT : 2018/04/18 : 7:49:00 AM
2019/05/05 3:46:02 PM - Inserted clocking record no: 329869 :  OUT : 2018/04/18 : 7:32:00 AM
2019/05/05 3:46:03 PM - Inserted clocking record no: 329870 :  OUT : 2018/04/17 : 4:01:00 PM
2019/05/05 3:46:05 PM - Inserted clocking record no: 329871 :  OUT : 2018/04/17 : 3:54:00 PM
2019/05/05 3:51:19 PM - Inserted clocking record no: 329890 :  OUT : 2018/04/17 : 3:08:00 PM
2019/05/05 3:56:44 PM - Inserted clocking record no: 329910 :  OUT : 2018/04/17 : 7:42:00 AM
2019/05/05 3:56:45 PM - Inserted clocking record no: 329911 :  OUT : 2018/04/17 : 7:25:00 AM
2019/05/05 3:56:46 PM - Inserted clocking record no: 329912 :  OUT : 2018/04/16 : 4:06:00 PM
2019/05/05 3:56:48 PM - Inserted clocking record no: 329913 :  OUT : 2018/04/16 : 3:06:00 PM
2019/05/05 4:00:52 PM - Inserted clocking record no: 329932 :  OUT : 2018/04/16 : 2:50:00 PM
2019/05/05 4:05:09 PM - Inserted clocking record no: 329952 :  OUT : 2018/04/16 : 12:17:00 PM
2019/05/05 4:05:10 PM - Inserted clocking record no: 329953 :  OUT : 2018/04/16 : 11:17:00 AM
2019/05/05 4:05:11 PM - Inserted clocking record no: 329954 :  OUT : 2018/04/16 : 7:46:00 AM
2019/05/05 4:05:12 PM - Inserted clocking record no: 329955 :  OUT : 2018/04/16 : 7:35:00 AM
2019/05/05 4:05:13 PM - Inserted clocking record no: 329956 :  OUT : 2018/04/15 : 9:29:00 AM
2019/05/05 4:05:15 PM - Inserted clocking record no: 329957 :  OUT : 2018/04/15 : 8:55:00 AM
2019/05/05 4:05:17 PM - Inserted clocking record no: 329958 :  OUT : 2018/04/14 : 2:10:00 PM
2019/05/05 4:12:33 PM - Inserted clocking record no: 329978 :  OUT : 2018/04/14 : 12:20:00 PM
2019/05/05 4:20:02 PM - Inserted clocking record no: 329999 :  OUT : 2018/04/14 : 8:27:00 AM
2019/05/05 4:20:03 PM - Inserted clocking record no: 330000 :  OUT : 2018/04/14 : 8:00:00 AM
2019/05/05 4:20:04 PM - Inserted clocking record no: 330001 :  OUT : 2018/04/13 : 6:55:00 PM
2019/05/05 4:20:07 PM - Inserted clocking record no: 330002 :  OUT : 2018/04/13 : 5:56:00 PM
2019/05/05 4:29:21 PM - Inserted clocking record no: 330031 :  OUT : 2018/04/13 : 1:57:00 PM
2019/05/05 4:38:51 PM - Inserted clocking record no: 330061 :  OUT : 2018/04/13 : 9:13:00 AM
2019/05/05 4:38:52 PM - Inserted clocking record no: 330062 :  OUT : 2018/04/13 : 7:33:00 AM
2019/05/05 4:38:54 PM - Inserted clocking record no: 330063 :  OUT : 2018/04/13 : 7:27:00 AM
2019/05/05 4:48:38 PM - Inserted clocking record no: 330094 :  OUT : 2018/04/12 : 4:53:00 PM
2019/05/05 4:48:41 PM - Inserted clocking record no: 330095 :  OUT : 2018/04/12 : 4:52:00 PM
2019/05/05 4:54:15 PM - Inserted clocking record no: 330114 :  OUT : 2018/04/12 : 4:04:00 PM
2019/05/05 4:54:16 PM - Inserted clocking record no: 330115 :  OUT : 2018/04/12 : 3:41:00 PM
2019/05/05 4:54:19 PM - Inserted clocking record no: 330116 :  OUT : 2018/04/12 : 3:05:00 PM
2019/05/05 5:00:05 PM - Inserted clocking record no: 330136 :  OUT : 2018/04/12 : 11:38:00 AM
2019/05/05 5:00:07 PM - Inserted clocking record no: 330137 :  OUT : 2018/04/12 : 7:45:00 AM
2019/05/05 5:00:08 PM - Inserted clocking record no: 330138 :  OUT : 2018/04/11 : 4:07:00 PM
2019/05/05 5:00:09 PM - Inserted clocking record no: 330139 :  OUT : 2018/04/11 : 4:06:00 PM
2019/05/05 5:00:10 PM - Inserted clocking record no: 330140 :  OUT : 2018/04/11 : 4:03:00 PM
2019/05/05 5:00:12 PM - Inserted clocking record no: 330141 :  OUT : 2018/04/11 : 3:06:00 PM
2019/05/05 5:03:44 PM - Inserted clocking record no: 330151 :  OUT : 2018/04/11 : 7:35:00 AM
2019/05/05 5:03:46 PM - Inserted clocking record no: 330152 :  OUT : 2018/04/10 : 5:13:00 PM
2019/05/05 5:09:01 PM - Inserted clocking record no: 330171 :  OUT : 2018/04/10 : 4:03:00 PM
2019/05/05 5:09:03 PM - Inserted clocking record no: 330172 :  OUT : 2018/04/10 : 3:07:00 PM
2019/05/05 5:14:29 PM - Inserted clocking record no: 330192 :  OUT : 2018/04/10 : 2:26:00 PM
2019/05/05 5:14:30 PM - Inserted clocking record no: 330193 :  OUT : 2018/04/10 : 7:30:00 AM
2019/05/05 5:14:32 PM - Inserted clocking record no: 330194 :  OUT : 2018/04/09 : 4:04:00 PM
2019/05/05 5:14:34 PM - Inserted clocking record no: 330195 :  OUT : 2018/04/09 : 12:13:00 PM
2019/05/05 5:19:13 PM - Inserted clocking record no: 330214 :  OUT : 2018/04/09 : 9:33:00 AM
2019/05/05 5:24:06 PM - Inserted clocking record no: 330234 :  OUT : 2018/04/09 : 7:50:00 AM
2019/05/05 5:24:07 PM - Inserted clocking record no: 330235 :  OUT : 2018/04/08 : 12:54:00 PM
2019/05/05 5:24:08 PM - Inserted clocking record no: 330236 :  OUT : 2018/04/07 : 2:03:00 PM
2019/05/05 5:24:11 PM - Inserted clocking record no: 330237 :  OUT : 2018/04/07 : 8:37:00 AM
2019/05/05 5:31:40 PM - Inserted clocking record no: 330248 :  OUT : 2018/04/06 : 10:06:00 PM
2019/05/05 5:31:41 PM - Inserted clocking record no: 330249 :  OUT : 2018/04/06 : 4:03:00 PM
2019/05/05 5:31:42 PM - Inserted clocking record no: 330250 :  OUT : 2018/04/06 : 3:51:00 PM
2019/05/05 5:31:44 PM - Inserted clocking record no: 330251 :  OUT : 2018/04/06 : 3:44:00 PM
2019/05/05 5:49:48 PM - Inserted clocking record no: 330307 :  OUT : 2018/04/06 : 2:20:00 PM
2019/05/05 6:08:11 PM - Inserted clocking record no: 330364 :  OUT : 2018/04/06 : 11:48:00 AM
2019/05/05 6:26:43 PM - Inserted clocking record no: 330422 :  OUT : 2018/04/06 : 11:10:00 AM
2019/05/05 6:45:28 PM - Inserted clocking record no: 330481 :  OUT : 2018/04/06 : 10:38:00 AM
2019/05/05 6:46:04 PM - Inserted clocking record no: 330487 :  OUT : 2018/04/06 : 10:16:00 AM
2019/05/05 6:46:05 PM - Inserted clocking record no: 330488 :  OUT : 2018/04/06 : 7:29:00 AM
2019/05/05 6:46:08 PM - Inserted clocking record no: 330489 :  OUT : 2018/04/06 : 7:14:00 AM
2019/05/05 7:05:08 PM - Inserted clocking record no: 330549 :  OUT : 2018/04/05 : 6:16:00 PM
2019/05/05 7:19:37 PM - Inserted clocking record no: 330596 :  OUT : 2018/04/05 : 5:44:00 PM
2019/05/05 7:34:20 PM - Inserted clocking record no: 330644 :  OUT : 2018/04/05 : 5:35:00 PM
2019/05/05 7:49:13 PM - Inserted clocking record no: 330693 :  OUT : 2018/04/05 : 5:27:00 PM
2019/05/05 7:49:14 PM - Inserted clocking record no: 330694 :  OUT : 2018/04/05 : 4:01:00 PM
2019/05/05 7:49:16 PM - Inserted clocking record no: 330695 :  OUT : 2018/04/05 : 2:27:00 PM
2019/05/05 7:49:17 PM - Inserted clocking record no: 330696 :  OUT : 2018/04/05 : 12:33:00 PM
2019/05/05 7:49:19 PM - Inserted clocking record no: 330697 :  OUT : 2018/04/05 : 11:13:00 AM
2019/05/05 8:04:30 PM - Inserted clocking record no: 330747 :  OUT : 2018/04/05 : 11:12:00 AM
2019/05/05 8:04:32 PM - Inserted clocking record no: 330748 :  OUT : 2018/04/05 : 11:10:00 AM
2019/05/05 8:20:03 PM - Inserted clocking record no: 330799 :  OUT : 2018/04/05 : 7:30:00 AM
2019/05/05 8:20:04 PM - Inserted clocking record no: 330800 :  OUT : 2018/04/04 : 7:24:00 PM
2019/05/05 8:20:05 PM - Inserted clocking record no: 330801 :  OUT : 2018/04/04 : 4:56:00 PM
2019/05/05 8:20:06 PM - Inserted clocking record no: 330802 :  OUT : 2018/04/04 : 4:28:00 PM
2019/05/05 8:20:07 PM - Inserted clocking record no: 330803 :  OUT : 2018/04/04 : 4:02:00 PM
2019/05/05 8:20:10 PM - Inserted clocking record no: 330804 :  OUT : 2018/04/04 : 3:14:00 PM
2019/05/05 8:27:20 PM - Inserted clocking record no: 330824 :  OUT : 2018/04/04 : 3:09:00 PM
2019/05/05 8:27:23 PM - Inserted clocking record no: 330825 :  OUT : 2018/04/04 : 12:49:00 PM
2019/05/05 8:34:53 PM - Inserted clocking record no: 330846 :  OUT : 2018/04/04 : 10:45:00 AM
2019/05/05 8:34:54 PM - Inserted clocking record no: 330847 :  OUT : 2018/04/04 : 7:42:00 AM
2019/05/05 8:34:56 PM - Inserted clocking record no: 330848 :  OUT : 2018/04/03 : 2:48:00 PM
2019/05/05 8:40:17 PM - Inserted clocking record no: 330867 :  OUT : 2018/04/03 : 1:23:00 PM
2019/05/05 8:40:20 PM - Inserted clocking record no: 330868 :  OUT : 2018/04/03 : 8:53:00 AM
2019/05/05 8:45:56 PM - Inserted clocking record no: 330888 :  OUT : 2018/04/03 : 7:46:00 AM
2019/05/05 8:45:57 PM - Inserted clocking record no: 330889 :  OUT : 2018/04/02 : 2:39:00 PM
2019/05/05 8:45:58 PM - Inserted clocking record no: 330890 :  OUT : 2018/04/01 : 8:57:00 PM
2019/05/05 8:46:01 PM - Inserted clocking record no: 330891 :  OUT : 2018/04/01 : 11:59:00 AM
2019/05/05 8:47:03 PM - Inserted clocking record no: 330902 :  OUT : 2018/04/01 : 6:21:00 AM
2019/05/05 8:47:04 PM - Inserted clocking record no: 330903 :  OUT : 2018/03/31 : 6:08:00 PM
2019/05/05 8:47:07 PM - Inserted clocking record no: 330904 :  OUT : 2018/03/31 : 1:35:00 PM
2019/05/05 8:50:12 PM - Inserted clocking record no: 330914 :  OUT : 2018/03/30 : 5:30:00 PM
2019/05/05 8:50:13 PM - Inserted clocking record no: 330915 :  OUT : 2018/03/30 : 12:06:00 PM
2019/05/05 8:50:14 PM - Inserted clocking record no: 330916 :  OUT : 2018/03/29 : 2:28:00 PM
2019/05/05 8:50:17 PM - Inserted clocking record no: 330917 :  OUT : 2018/03/29 : 8:33:00 AM
2019/05/05 8:56:57 PM - Inserted clocking record no: 330937 :  OUT : 2018/03/29 : 8:08:00 AM
2019/05/05 9:03:49 PM - Inserted clocking record no: 330958 :  OUT : 2018/03/29 : 7:44:00 AM
2019/05/05 9:03:52 PM - Inserted clocking record no: 330959 :  OUT : 2018/03/28 : 7:22:00 PM
2019/05/05 9:10:13 PM - Inserted clocking record no: 330979 :  OUT : 2018/03/28 : 4:02:00 PM
2019/05/05 9:10:14 PM - Inserted clocking record no: 330980 :  OUT : 2018/03/28 : 1:25:00 PM
2019/05/05 9:10:17 PM - Inserted clocking record no: 330981 :  OUT : 2018/03/28 : 11:38:00 AM
2019/05/05 9:16:53 PM - Inserted clocking record no: 331002 :  OUT : 2018/03/28 : 7:53:00 AM
2019/05/05 9:16:54 PM - Inserted clocking record no: 331003 :  OUT : 2018/03/27 : 4:10:00 PM
2019/05/05 9:16:57 PM - Inserted clocking record no: 331004 :  OUT : 2018/03/27 : 3:06:00 PM
2019/05/05 9:19:27 PM - Inserted clocking record no: 331014 :  OUT : 2018/03/27 : 12:41:00 PM
2019/05/05 9:19:29 PM - Inserted clocking record no: 331015 :  OUT : 2018/03/27 : 7:41:00 AM
2019/05/05 9:19:30 PM - Inserted clocking record no: 331016 :  OUT : 2018/03/26 : 6:19:00 PM
2019/05/05 9:19:31 PM - Inserted clocking record no: 331017 :  OUT : 2018/03/26 : 4:06:00 PM
2019/05/05 9:19:32 PM - Inserted clocking record no: 331018 :  OUT : 2018/03/26 : 7:49:00 AM
2019/05/05 9:19:35 PM - Inserted clocking record no: 331019 :  OUT : 2018/03/25 : 1:08:00 PM
2019/05/05 9:25:21 PM - Inserted clocking record no: 331039 :  OUT : 2018/03/25 : 7:58:00 AM
2019/05/05 9:25:24 PM - Inserted clocking record no: 331040 :  OUT : 2018/03/25 : 7:48:00 AM
2019/05/05 9:31:24 PM - Inserted clocking record no: 331061 :  OUT : 2018/03/24 : 9:50:00 PM
2019/05/05 9:31:26 PM - Inserted clocking record no: 331062 :  OUT : 2018/03/24 : 6:20:00 PM
2019/05/05 9:35:25 PM - Inserted clocking record no: 331072 :  OUT : 2018/03/24 : 12:13:00 PM
2019/05/05 9:35:26 PM - Inserted clocking record no: 331073 :  OUT : 2018/03/24 : 12:13:00 PM
2019/05/05 9:35:27 PM - Inserted clocking record no: 331074 :  OUT : 2018/03/24 : 11:44:00 AM
2019/05/05 9:35:28 PM - Inserted clocking record no: 331075 :  OUT : 2018/03/24 : 11:00:00 AM
2019/05/05 9:35:29 PM - Inserted clocking record no: 331076 :  OUT : 2018/03/24 : 10:45:00 AM
2019/05/05 9:35:30 PM - Inserted clocking record no: 331077 :  OUT : 2018/03/24 : 8:38:00 AM
2019/05/05 9:35:32 PM - Inserted clocking record no: 331078 :  OUT : 2018/03/24 : 7:26:00 AM
2019/05/05 9:35:33 PM - Inserted clocking record no: 331079 :  OUT : 2018/03/23 : 4:15:00 PM
2019/05/05 9:35:35 PM - Inserted clocking record no: 331080 :  OUT : 2018/03/23 : 1:50:00 PM
2019/05/05 9:39:53 PM - Inserted clocking record no: 331091 :  OUT : 2018/03/23 : 1:13:00 PM
2019/05/05 9:39:55 PM - Inserted clocking record no: 331092 :  OUT : 2018/03/23 : 12:23:00 PM
2019/05/05 9:39:56 PM - Inserted clocking record no: 331093 :  OUT : 2018/03/23 : 8:10:00 AM
2019/05/05 9:39:57 PM - Inserted clocking record no: 331094 :  OUT : 2018/03/22 : 4:03:00 PM
2019/05/05 9:40:00 PM - Inserted clocking record no: 331095 :  OUT : 2018/03/22 : 3:07:00 PM
2019/05/05 9:43:00 PM - Inserted clocking record no: 331105 :  OUT : 2018/03/22 : 7:52:00 AM
2019/05/05 9:43:02 PM - Inserted clocking record no: 331106 :  OUT : 2018/03/22 : 7:05:00 AM
2019/05/05 9:50:46 PM - Inserted clocking record no: 331127 :  OUT : 2018/03/22 : 6:49:00 AM
2019/05/05 9:50:47 PM - Inserted clocking record no: 331128 :  OUT : 2018/03/21 : 8:56:00 PM
2019/05/05 9:50:48 PM - Inserted clocking record no: 331129 :  OUT : 2018/03/21 : 8:56:00 PM
2019/05/05 9:50:49 PM - Inserted clocking record no: 331130 :  OUT : 2018/03/21 : 7:57:00 PM
2019/05/05 9:50:52 PM - Inserted clocking record no: 331131 :  OUT : 2018/03/21 : 12:26:00 PM
2019/05/05 9:59:32 PM - Inserted clocking record no: 331160 :  OUT : 2018/03/21 : 7:57:00 AM
2019/05/05 9:59:35 PM - Inserted clocking record no: 331161 :  OUT : 2018/03/21 : 6:39:00 AM
2019/05/05 10:08:32 PM - Inserted clocking record no: 331191 :  OUT : 2018/03/21 : 6:37:00 AM
2019/05/05 10:17:42 PM - Inserted clocking record no: 331222 :  OUT : 2018/03/20 : 9:03:00 PM
2019/05/05 10:17:43 PM - Inserted clocking record no: 331223 :  OUT : 2018/03/20 : 4:01:00 PM
2019/05/05 10:17:44 PM - Inserted clocking record no: 331224 :  OUT : 2018/03/20 : 3:11:00 PM
2019/05/05 10:17:47 PM - Inserted clocking record no: 331225 :  OUT : 2018/03/20 : 3:06:00 PM
2019/05/05 10:21:28 PM - Inserted clocking record no: 331235 :  OUT : 2018/03/20 : 12:13:00 PM
2019/05/05 10:21:29 PM - Inserted clocking record no: 331236 :  OUT : 2018/03/20 : 7:38:00 AM
2019/05/05 10:21:31 PM - Inserted clocking record no: 331237 :  OUT : 2018/03/19 : 4:07:00 PM
2019/05/05 10:21:32 PM - Inserted clocking record no: 331238 :  OUT : 2018/03/19 : 9:23:00 AM
2019/05/05 10:21:35 PM - Inserted clocking record no: 331239 :  OUT : 2018/03/19 : 7:34:00 AM
2019/05/05 10:21:37 PM - Inserted clocking record no: 331240 :  OUT : 2018/03/18 : 5:53:00 PM
2019/05/05 10:27:06 PM - Inserted clocking record no: 331268 :  OUT : 2018/03/18 : 5:33:00 PM
2019/05/05 10:28:50 PM - Inserted clocking record no: 331278 :  OUT : 2018/03/18 : 5:32:00 PM
2019/05/05 10:34:33 PM - Inserted clocking record no: 331307 :  OUT : 2018/03/18 : 4:37:00 PM
2019/05/05 10:40:27 PM - Inserted clocking record no: 331337 :  OUT : 2018/03/18 : 8:27:00 AM
2019/05/05 10:40:29 PM - Inserted clocking record no: 331338 :  OUT : 2018/03/18 : 8:15:00 AM
2019/05/05 10:40:30 PM - Inserted clocking record no: 331339 :  OUT : 2018/03/17 : 9:33:00 AM
2019/05/05 10:40:31 PM - Inserted clocking record no: 331340 :  OUT : 2018/03/16 : 7:58:00 PM
2019/05/05 10:40:34 PM - Inserted clocking record no: 331341 :  OUT : 2018/03/16 : 3:57:00 PM
2019/05/05 10:46:36 PM - Inserted clocking record no: 331361 :  OUT : 2018/03/16 : 3:43:00 PM
2019/05/05 10:46:38 PM - Inserted clocking record no: 331362 :  OUT : 2018/03/16 : 2:47:00 PM
2019/05/05 10:53:01 PM - Inserted clocking record no: 331383 :  OUT : 2018/03/16 : 10:10:00 AM
2019/05/05 10:53:02 PM - Inserted clocking record no: 331384 :  OUT : 2018/03/16 : 10:04:00 AM
2019/05/05 10:53:03 PM - Inserted clocking record no: 331385 :  OUT : 2018/03/16 : 7:39:00 AM
2019/05/05 10:53:04 PM - Inserted clocking record no: 331386 :  OUT : 2018/03/16 : 5:24:00 AM
2019/05/05 10:53:06 PM - Inserted clocking record no: 331387 :  OUT : 2018/03/15 : 6:16:00 PM
2019/05/05 10:53:07 PM - Inserted clocking record no: 331388 :  OUT : 2018/03/15 : 6:15:00 PM
2019/05/05 10:53:08 PM - Inserted clocking record no: 331389 :  OUT : 2018/03/15 : 3:59:00 PM
2019/05/05 10:53:11 PM - Inserted clocking record no: 331390 :  OUT : 2018/03/15 : 3:09:00 PM
2019/05/05 10:59:02 PM - Inserted clocking record no: 331410 :  OUT : 2018/03/15 : 2:18:00 PM
2019/05/05 10:59:04 PM - Inserted clocking record no: 331411 :  OUT : 2018/03/15 : 7:36:00 AM
2019/05/05 10:59:05 PM - Inserted clocking record no: 331412 :  OUT : 2018/03/15 : 7:35:00 AM
2019/05/05 10:59:06 PM - Inserted clocking record no: 331413 :  OUT : 2018/03/15 : 6:03:00 AM
2019/05/05 10:59:09 PM - Inserted clocking record no: 331414 :  OUT : 2018/03/15 : 6:02:00 AM
2019/05/05 11:05:17 PM - Inserted clocking record no: 331435 :  OUT : 2018/03/14 : 4:02:00 PM
2019/05/05 11:05:20 PM - Inserted clocking record no: 331436 :  OUT : 2018/03/14 : 3:08:00 PM
2019/05/05 11:08:45 PM - Inserted clocking record no: 331446 :  OUT : 2018/03/14 : 9:34:00 AM
2019/05/05 11:08:46 PM - Inserted clocking record no: 331447 :  OUT : 2018/03/14 : 7:38:00 AM
2019/05/05 11:08:47 PM - Inserted clocking record no: 331448 :  OUT : 2018/03/14 : 7:38:00 AM
2019/05/05 11:08:48 PM - Inserted clocking record no: 331449 :  OUT : 2018/03/13 : 5:57:00 PM
2019/05/05 11:08:49 PM - Inserted clocking record no: 331450 :  OUT : 2018/03/13 : 4:02:00 PM
2019/05/05 11:08:50 PM - Inserted clocking record no: 331451 :  OUT : 2018/03/13 : 4:02:00 PM
2019/05/05 11:08:53 PM - Inserted clocking record no: 331452 :  OUT : 2018/03/13 : 3:07:00 PM
2019/05/05 11:12:33 PM - Inserted clocking record no: 331462 :  OUT : 2018/03/13 : 8:10:00 AM
2019/05/05 11:12:35 PM - Inserted clocking record no: 331463 :  OUT : 2018/03/13 : 8:10:00 AM
2019/05/05 11:12:36 PM - Inserted clocking record no: 331464 :  OUT : 2018/03/13 : 8:10:00 AM
2019/05/05 11:12:37 PM - Inserted clocking record no: 331465 :  OUT : 2018/03/13 : 8:10:00 AM
2019/05/05 11:12:38 PM - Inserted clocking record no: 331466 :  OUT : 2018/03/13 : 7:37:00 AM
2019/05/05 11:12:39 PM - Inserted clocking record no: 331467 :  OUT : 2018/03/12 : 7:15:00 PM
2019/05/05 11:12:41 PM - Inserted clocking record no: 331468 :  OUT : 2018/03/12 : 6:19:00 PM
2019/05/05 11:12:42 PM - Inserted clocking record no: 331469 :  OUT : 2018/03/12 : 6:17:00 PM
2019/05/05 11:12:43 PM - Inserted clocking record no: 331470 :  OUT : 2018/03/12 : 6:09:00 PM
2019/05/05 11:12:44 PM - Inserted clocking record no: 331471 :  OUT : 2018/03/12 : 6:07:00 PM
2019/05/05 11:12:47 PM - Inserted clocking record no: 331472 :  OUT : 2018/03/12 : 6:07:00 PM
2019/05/05 11:18:14 PM - Inserted clocking record no: 331491 :  OUT : 2018/03/12 : 5:50:00 PM
2019/05/05 11:18:17 PM - Inserted clocking record no: 331492 :  OUT : 2018/03/12 : 5:37:00 PM
2019/05/05 11:23:57 PM - Inserted clocking record no: 331512 :  OUT : 2018/03/12 : 4:00:00 PM
2019/05/05 11:23:58 PM - Inserted clocking record no: 331513 :  OUT : 2018/03/12 : 1:04:00 PM
2019/05/05 11:23:59 PM - Inserted clocking record no: 331514 :  OUT : 2018/03/12 : 12:56:00 PM
2019/05/05 11:24:01 PM - Inserted clocking record no: 331515 :  OUT : 2018/03/12 : 12:25:00 PM
2019/05/05 11:24:03 PM - Inserted clocking record no: 331516 :  OUT : 2018/03/12 : 11:45:00 AM
2019/05/05 11:24:05 PM - Inserted clocking record no: 331517 :  OUT : 2018/03/12 : 11:27:00 AM
2019/05/05 11:24:06 PM - Inserted clocking record no: 331518 :  OUT : 2018/03/12 : 9:06:00 AM
2019/05/05 11:24:08 PM - Inserted clocking record no: 331519 :  OUT : 2018/03/12 : 8:47:00 AM
2019/05/05 11:24:09 PM - Inserted clocking record no: 331520 :  OUT : 2018/03/12 : 7:41:00 AM
2019/05/05 11:24:10 PM - Inserted clocking record no: 331521 :  OUT : 2018/03/12 : 7:17:00 AM
2019/05/05 11:24:11 PM - Inserted clocking record no: 331522 :  OUT : 2018/03/11 : 3:31:00 PM
2019/05/05 11:24:14 PM - Inserted clocking record no: 331523 :  OUT : 2018/03/11 : 11:50:00 AM
2019/05/05 11:30:01 PM - Inserted clocking record no: 331543 :  OUT : 2018/03/11 : 9:30:00 AM
2019/05/05 11:36:04 PM - Inserted clocking record no: 331564 :  OUT : 2018/03/10 : 9:08:00 PM
2019/05/05 11:36:05 PM - Inserted clocking record no: 331565 :  OUT : 2018/03/10 : 7:15:00 PM
2019/05/05 11:36:08 PM - Inserted clocking record no: 331566 :  OUT : 2018/03/10 : 4:39:00 PM
2019/05/05 11:39:14 PM - Inserted clocking record no: 331576 :  OUT : 2018/03/10 : 12:37:00 PM
2019/05/05 11:39:15 PM - Inserted clocking record no: 331577 :  OUT : 2018/03/10 : 6:56:00 AM
2019/05/05 11:39:16 PM - Inserted clocking record no: 331578 :  OUT : 2018/03/09 : 5:57:00 PM
2019/05/05 11:39:17 PM - Inserted clocking record no: 331579 :  OUT : 2018/03/09 : 3:48:00 PM
2019/05/05 11:39:18 PM - Inserted clocking record no: 331580 :  OUT : 2018/03/09 : 1:06:00 PM
2019/05/05 11:39:20 PM - Inserted clocking record no: 331581 :  OUT : 2018/03/09 : 7:33:00 AM
2019/05/05 11:39:21 PM - Inserted clocking record no: 331582 :  OUT : 2018/03/08 : 4:02:00 PM
2019/05/05 11:39:23 PM - Inserted clocking record no: 331583 :  OUT : 2018/03/08 : 3:05:00 PM
2019/05/05 11:43:45 PM - Inserted clocking record no: 331593 :  OUT : 2018/03/08 : 7:53:00 AM
2019/05/05 11:43:46 PM - Inserted clocking record no: 331594 :  OUT : 2018/03/08 : 6:05:00 AM
2019/05/05 11:43:47 PM - Inserted clocking record no: 331595 :  OUT : 2018/03/07 : 6:26:00 PM
2019/05/05 11:43:50 PM - Inserted clocking record no: 331596 :  OUT : 2018/03/07 : 5:52:00 PM
2019/05/05 11:49:58 PM - Inserted clocking record no: 331623 :  OUT : 2018/03/07 : 3:59:00 PM
2019/05/05 11:50:01 PM - Inserted clocking record no: 331624 :  OUT : 2018/03/07 : 3:33:00 PM
