27/05/2019 07:54:28 - Login : Spar Fourways by Operator ID admin
27/05/2019 07:56:40 - Exit Sabre by Admin
27/05/2019 07:56:48 - Login : BP Sonpark by Operator ID admin
27/05/2019 08:23:05 - Login : BP Sonpark by Operator ID admin
27/05/19 08:23 - Inserted clocking record no: 14636 : T&A IN : 23/05/19 : 10:14
27/05/2019 09:23:57 - Exit Sabre by Admin
27/05/2019 09:25:54 - Login : BP Sonpark by Operator ID admin
27/05/2019 09:28:32 - Exit Sabre by Admin
27/05/2019 09:29:21 - Login : BP Sonpark by Operator ID admin
27/05/2019 09:31:08 - Login : BP Sonpark by Operator ID admin
27/05/2019 14:29:02 - Login : BP Sonpark by Operator ID admin
27/05/2019 15:02:27 - Login : BP Sonpark by Operator ID admin
27/05/2019 15:04:10 - Exit Sabre by Admin
27/05/2019 15:09:46 - Exit Sabre by
27/05/2019 15:11:20 - Login : BP Sonpark by Operator ID admin
27/05/2019 15:13:15 - Exit Sabre by Admin
27/05/2019 15:19:37 - Login : BP Sonpark by Operator ID admin
27/05/2019 15:21:36 - Logoff Sabre: Admin
27/05/2019 15:21:46 - Exit Sabre by Admin
27/05/2019 15:21:51 - Login : BP Sonpark by Operator ID admin
27/05/2019 15:29:37 - Login : BP Sonpark by Operator ID admin
